{"total": {"lines":{"total":894,"covered":165,"skipped":0,"pct":18.46},"statements":{"total":936,"covered":176,"skipped":0,"pct":18.8},"functions":{"total":268,"covered":48,"skipped":0,"pct":17.91},"branches":{"total":584,"covered":111,"skipped":0,"pct":19.01}}
,"/Users/sam/openmrs-esm-ohri/src/forms/constants.ts": {"lines":{"total":4,"covered":4,"skipped":0,"pct":100},"functions":{"total":0,"covered":0,"skipped":0,"pct":100},"statements":{"total":4,"covered":4,"skipped":0,"pct":100},"branches":{"total":0,"covered":0,"skipped":0,"pct":100}}
,"/Users/sam/openmrs-esm-ohri/src/forms/ohri-form-context.tsx": {"lines":{"total":1,"covered":1,"skipped":0,"pct":100},"functions":{"total":0,"covered":0,"skipped":0,"pct":100},"statements":{"total":1,"covered":1,"skipped":0,"pct":100},"branches":{"total":0,"covered":0,"skipped":0,"pct":100}}
,"/Users/sam/openmrs-esm-ohri/src/forms/ohri-form.component.tsx": {"lines":{"total":59,"covered":0,"skipped":0,"pct":0},"functions":{"total":15,"covered":0,"skipped":0,"pct":0},"statements":{"total":60,"covered":0,"skipped":0,"pct":0},"branches":{"total":25,"covered":0,"skipped":0,"pct":0}}
,"/Users/sam/openmrs-esm-ohri/src/forms/ohri-form.resource.ts": {"lines":{"total":7,"covered":1,"skipped":0,"pct":14.29},"functions":{"total":5,"covered":2,"skipped":0,"pct":40},"statements":{"total":8,"covered":2,"skipped":0,"pct":25},"branches":{"total":2,"covered":0,"skipped":0,"pct":0}}
,"/Users/sam/openmrs-esm-ohri/src/forms/types.ts": {"lines":{"total":0,"covered":0,"skipped":0,"pct":100},"functions":{"total":0,"covered":0,"skipped":0,"pct":100},"statements":{"total":0,"covered":0,"skipped":0,"pct":100},"branches":{"total":0,"covered":0,"skipped":0,"pct":100}}
,"/Users/sam/openmrs-esm-ohri/src/forms/components/encounter/ohri-encounter-form.tsx": {"lines":{"total":178,"covered":0,"skipped":0,"pct":0},"functions":{"total":46,"covered":0,"skipped":0,"pct":0},"statements":{"total":187,"covered":0,"skipped":0,"pct":0},"branches":{"total":108,"covered":0,"skipped":0,"pct":0}}
,"/Users/sam/openmrs-esm-ohri/src/forms/components/group/ohri-obs-group.component.tsx": {"lines":{"total":10,"covered":0,"skipped":0,"pct":0},"functions":{"total":3,"covered":0,"skipped":0,"pct":0},"statements":{"total":10,"covered":0,"skipped":0,"pct":0},"branches":{"total":6,"covered":0,"skipped":0,"pct":0}}
,"/Users/sam/openmrs-esm-ohri/src/forms/components/inputs/content-switcher/ohri-content-switcher.component.tsx": {"lines":{"total":20,"covered":18,"skipped":0,"pct":90},"functions":{"total":8,"covered":7,"skipped":0,"pct":87.5},"statements":{"total":21,"covered":19,"skipped":0,"pct":90.48},"branches":{"total":16,"covered":11,"skipped":0,"pct":68.75}}
,"/Users/sam/openmrs-esm-ohri/src/forms/components/inputs/date/ohri-date.component.tsx": {"lines":{"total":33,"covered":0,"skipped":0,"pct":0},"functions":{"total":8,"covered":0,"skipped":0,"pct":0},"statements":{"total":33,"covered":0,"skipped":0,"pct":0},"branches":{"total":30,"covered":0,"skipped":0,"pct":0}}
,"/Users/sam/openmrs-esm-ohri/src/forms/components/inputs/fixed-value/ohri-fixed-value.component.tsx": {"lines":{"total":8,"covered":0,"skipped":0,"pct":0},"functions":{"total":2,"covered":0,"skipped":0,"pct":0},"statements":{"total":8,"covered":0,"skipped":0,"pct":0},"branches":{"total":4,"covered":0,"skipped":0,"pct":0}}
,"/Users/sam/openmrs-esm-ohri/src/forms/components/inputs/location/ohri-encounter-location.component.tsx": {"lines":{"total":17,"covered":0,"skipped":0,"pct":0},"functions":{"total":8,"covered":0,"skipped":0,"pct":0},"statements":{"total":17,"covered":0,"skipped":0,"pct":0},"branches":{"total":10,"covered":0,"skipped":0,"pct":0}}
,"/Users/sam/openmrs-esm-ohri/src/forms/components/inputs/markdown/ohri-markdown.component.tsx": {"lines":{"total":2,"covered":0,"skipped":0,"pct":0},"functions":{"total":1,"covered":0,"skipped":0,"pct":0},"statements":{"total":2,"covered":0,"skipped":0,"pct":0},"branches":{"total":2,"covered":0,"skipped":0,"pct":0}}
,"/Users/sam/openmrs-esm-ohri/src/forms/components/inputs/multi-select/ohri-multi-select.component.tsx": {"lines":{"total":35,"covered":0,"skipped":0,"pct":0},"functions":{"total":12,"covered":0,"skipped":0,"pct":0},"statements":{"total":37,"covered":0,"skipped":0,"pct":0},"branches":{"total":26,"covered":0,"skipped":0,"pct":0}}
,"/Users/sam/openmrs-esm-ohri/src/forms/components/inputs/number/ohri-number.component.tsx": {"lines":{"total":17,"covered":0,"skipped":0,"pct":0},"functions":{"total":4,"covered":0,"skipped":0,"pct":0},"statements":{"total":17,"covered":0,"skipped":0,"pct":0},"branches":{"total":24,"covered":0,"skipped":0,"pct":0}}
,"/Users/sam/openmrs-esm-ohri/src/forms/components/inputs/radio/ohri-radio.component.tsx": {"lines":{"total":18,"covered":0,"skipped":0,"pct":0},"functions":{"total":6,"covered":0,"skipped":0,"pct":0},"statements":{"total":18,"covered":0,"skipped":0,"pct":0},"branches":{"total":12,"covered":0,"skipped":0,"pct":0}}
,"/Users/sam/openmrs-esm-ohri/src/forms/components/inputs/select/ohri-dropdown.component.tsx": {"lines":{"total":24,"covered":22,"skipped":0,"pct":91.67},"functions":{"total":10,"covered":9,"skipped":0,"pct":90},"statements":{"total":26,"covered":24,"skipped":0,"pct":92.31},"branches":{"total":16,"covered":9,"skipped":0,"pct":56.25}}
,"/Users/sam/openmrs-esm-ohri/src/forms/components/inputs/text/ohri-text.component.tsx": {"lines":{"total":21,"covered":0,"skipped":0,"pct":0},"functions":{"total":6,"covered":0,"skipped":0,"pct":0},"statements":{"total":21,"covered":0,"skipped":0,"pct":0},"branches":{"total":20,"covered":0,"skipped":0,"pct":0}}
,"/Users/sam/openmrs-esm-ohri/src/forms/components/inputs/text-area/ohri-text-area.component.tsx": {"lines":{"total":21,"covered":0,"skipped":0,"pct":0},"functions":{"total":6,"covered":0,"skipped":0,"pct":0},"statements":{"total":21,"covered":0,"skipped":0,"pct":0},"branches":{"total":22,"covered":0,"skipped":0,"pct":0}}
,"/Users/sam/openmrs-esm-ohri/src/forms/components/inputs/toggle/ohri-toggle.component.tsx": {"lines":{"total":15,"covered":0,"skipped":0,"pct":0},"functions":{"total":5,"covered":0,"skipped":0,"pct":0},"statements":{"total":15,"covered":0,"skipped":0,"pct":0},"branches":{"total":12,"covered":0,"skipped":0,"pct":0}}
,"/Users/sam/openmrs-esm-ohri/src/forms/components/inputs/unspecified/ohri-unspecified.component.tsx": {"lines":{"total":23,"covered":0,"skipped":0,"pct":0},"functions":{"total":4,"covered":0,"skipped":0,"pct":0},"statements":{"total":23,"covered":0,"skipped":0,"pct":0},"branches":{"total":13,"covered":0,"skipped":0,"pct":0}}
,"/Users/sam/openmrs-esm-ohri/src/forms/components/label/ohri-label.component.tsx": {"lines":{"total":2,"covered":1,"skipped":0,"pct":50},"functions":{"total":1,"covered":0,"skipped":0,"pct":0},"statements":{"total":2,"covered":1,"skipped":0,"pct":50},"branches":{"total":0,"covered":0,"skipped":0,"pct":100}}
,"/Users/sam/openmrs-esm-ohri/src/forms/components/page/ohri-form-page.tsx": {"lines":{"total":6,"covered":0,"skipped":0,"pct":0},"functions":{"total":4,"covered":0,"skipped":0,"pct":0},"statements":{"total":6,"covered":0,"skipped":0,"pct":0},"branches":{"total":0,"covered":0,"skipped":0,"pct":100}}
,"/Users/sam/openmrs-esm-ohri/src/forms/components/repeat/ohri-repeat.component.tsx": {"lines":{"total":78,"covered":0,"skipped":0,"pct":0},"functions":{"total":20,"covered":0,"skipped":0,"pct":0},"statements":{"total":83,"covered":0,"skipped":0,"pct":0},"branches":{"total":44,"covered":0,"skipped":0,"pct":0}}
,"/Users/sam/openmrs-esm-ohri/src/forms/components/section/ohri-form-section.component.tsx": {"lines":{"total":13,"covered":0,"skipped":0,"pct":0},"functions":{"total":4,"covered":0,"skipped":0,"pct":0},"statements":{"total":13,"covered":0,"skipped":0,"pct":0},"branches":{"total":13,"covered":0,"skipped":0,"pct":0}}
,"/Users/sam/openmrs-esm-ohri/src/forms/components/section-collapsible-toggle/ohri-section-collapsible-toggle.component.tsx": {"lines":{"total":10,"covered":0,"skipped":0,"pct":0},"functions":{"total":3,"covered":0,"skipped":0,"pct":0},"statements":{"total":10,"covered":0,"skipped":0,"pct":0},"branches":{"total":4,"covered":0,"skipped":0,"pct":0}}
,"/Users/sam/openmrs-esm-ohri/src/forms/components/sidebar/ohri-form-sidebar.component.tsx": {"lines":{"total":28,"covered":0,"skipped":0,"pct":0},"functions":{"total":16,"covered":0,"skipped":0,"pct":0},"statements":{"total":29,"covered":0,"skipped":0,"pct":0},"branches":{"total":22,"covered":0,"skipped":0,"pct":0}}
,"/Users/sam/openmrs-esm-ohri/src/forms/components/value/ohri-value.component.tsx": {"lines":{"total":4,"covered":2,"skipped":0,"pct":50},"functions":{"total":2,"covered":0,"skipped":0,"pct":0},"statements":{"total":4,"covered":2,"skipped":0,"pct":50},"branches":{"total":0,"covered":0,"skipped":0,"pct":100}}
,"/Users/sam/openmrs-esm-ohri/src/forms/form-render/form-render-test.component.tsx": {"lines":{"total":50,"covered":0,"skipped":0,"pct":0},"functions":{"total":9,"covered":0,"skipped":0,"pct":0},"statements":{"total":50,"covered":0,"skipped":0,"pct":0},"branches":{"total":6,"covered":0,"skipped":0,"pct":0}}
,"/Users/sam/openmrs-esm-ohri/src/forms/registry/registry.ts": {"lines":{"total":11,"covered":0,"skipped":0,"pct":0},"functions":{"total":9,"covered":0,"skipped":0,"pct":0},"statements":{"total":14,"covered":0,"skipped":0,"pct":0},"branches":{"total":4,"covered":0,"skipped":0,"pct":0}}
,"/Users/sam/openmrs-esm-ohri/src/forms/submission-handlers/base-handlers.ts": {"lines":{"total":94,"covered":63,"skipped":0,"pct":67.02},"functions":{"total":28,"covered":15,"skipped":0,"pct":53.57},"statements":{"total":106,"covered":67,"skipped":0,"pct":63.21},"branches":{"total":79,"covered":51,"skipped":0,"pct":64.56}}
,"/Users/sam/openmrs-esm-ohri/src/forms/test-forms/hts_retrospective_form-schema.ts": {"lines":{"total":1,"covered":0,"skipped":0,"pct":0},"functions":{"total":0,"covered":0,"skipped":0,"pct":100},"statements":{"total":1,"covered":0,"skipped":0,"pct":0},"branches":{"total":0,"covered":0,"skipped":0,"pct":100}}
,"/Users/sam/openmrs-esm-ohri/src/forms/utils/boolean-utils.ts": {"lines":{"total":5,"covered":3,"skipped":0,"pct":60},"functions":{"total":1,"covered":1,"skipped":0,"pct":100},"statements":{"total":5,"covered":3,"skipped":0,"pct":60},"branches":{"total":4,"covered":2,"skipped":0,"pct":50}}
,"/Users/sam/openmrs-esm-ohri/src/forms/utils/expression-runner.ts": {"lines":{"total":40,"covered":28,"skipped":0,"pct":70},"functions":{"total":9,"covered":9,"skipped":0,"pct":100},"statements":{"total":42,"covered":30,"skipped":0,"pct":71.43},"branches":{"total":23,"covered":12,"skipped":0,"pct":52.17}}
,"/Users/sam/openmrs-esm-ohri/src/forms/utils/instant-effect.ts": {"lines":{"total":2,"covered":0,"skipped":0,"pct":0},"functions":{"total":2,"covered":0,"skipped":0,"pct":0},"statements":{"total":3,"covered":0,"skipped":0,"pct":0},"branches":{"total":0,"covered":0,"skipped":0,"pct":100}}
,"/Users/sam/openmrs-esm-ohri/src/forms/utils/ohri-form-helper.ts": {"lines":{"total":11,"covered":1,"skipped":0,"pct":9.09},"functions":{"total":7,"covered":1,"skipped":0,"pct":14.29},"statements":{"total":12,"covered":1,"skipped":0,"pct":8.33},"branches":{"total":4,"covered":0,"skipped":0,"pct":0}}
,"/Users/sam/openmrs-esm-ohri/src/forms/validators/default-value-validator.ts": {"lines":{"total":12,"covered":12,"skipped":0,"pct":100},"functions":{"total":2,"covered":2,"skipped":0,"pct":100},"statements":{"total":13,"covered":13,"skipped":0,"pct":100},"branches":{"total":12,"covered":12,"skipped":0,"pct":100}}
,"/Users/sam/openmrs-esm-ohri/src/forms/validators/ohri-form-validator.ts": {"lines":{"total":14,"covered":9,"skipped":0,"pct":64.29},"functions":{"total":2,"covered":2,"skipped":0,"pct":100},"statements":{"total":14,"covered":9,"skipped":0,"pct":64.29},"branches":{"total":21,"covered":14,"skipped":0,"pct":66.67}}
}
