{"/Users/larslemos/Documents/DEVELOPMENT/openmrs-esm-ohri/packages/esm-cervical-cancer-app/src/views/cacx-appointment/cacx-appointments.component.tsx": {"path":"/Users/larslemos/Documents/DEVELOPMENT/openmrs-esm-ohri/packages/esm-cervical-cancer-app/src/views/cacx-appointment/cacx-appointments.component.tsx","statementMap":{"0":{"start":{"line":9,"column":66},"end":{"line":18,"column":null}},"1":{"start":{"line":10,"column":16},"end":{"line":10,"column":null}},"2":{"start":{"line":11,"column":22},"end":{"line":11,"column":null}}},"fnMap":{"0":{"name":"(anonymous_0)","decl":{"start":{"line":9,"column":66},"end":{"line":9,"column":67}},"loc":{"start":{"line":9,"column":87},"end":{"line":18,"column":null}}}},"branchMap":{},"s":{"0":0,"1":0,"2":0},"f":{"0":0},"b":{}}
,"/Users/larslemos/Documents/DEVELOPMENT/openmrs-esm-ohri/packages/esm-cervical-cancer-app/src/views/cacx-summary/cacx-summary.component.tsx": {"path":"/Users/larslemos/Documents/DEVELOPMENT/openmrs-esm-ohri/packages/esm-cervical-cancer-app/src/views/cacx-summary/cacx-summary.component.tsx","statementMap":{"0":{"start":{"line":9,"column":56},"end":{"line":19,"column":null}},"1":{"start":{"line":10,"column":16},"end":{"line":10,"column":null}},"2":{"start":{"line":12,"column":22},"end":{"line":12,"column":null}}},"fnMap":{"0":{"name":"(anonymous_0)","decl":{"start":{"line":9,"column":56},"end":{"line":9,"column":57}},"loc":{"start":{"line":9,"column":77},"end":{"line":19,"column":null}}}},"branchMap":{},"s":{"0":0,"1":0,"2":0},"f":{"0":0},"b":{}}
,"/Users/larslemos/Documents/DEVELOPMENT/openmrs-esm-ohri/packages/esm-cervical-cancer-app/src/views/cacx-visits/cacx-visits-services.component.tsx": {"path":"/Users/larslemos/Documents/DEVELOPMENT/openmrs-esm-ohri/packages/esm-cervical-cancer-app/src/views/cacx-visits/cacx-visits-services.component.tsx","statementMap":{"0":{"start":{"line":13,"column":64},"end":{"line":38,"column":null}},"1":{"start":{"line":14,"column":16},"end":{"line":14,"column":null}}},"fnMap":{"0":{"name":"(anonymous_0)","decl":{"start":{"line":13,"column":64},"end":{"line":13,"column":65}},"loc":{"start":{"line":13,"column":85},"end":{"line":38,"column":null}}}},"branchMap":{},"s":{"0":0,"1":0},"f":{"0":0},"b":{}}
,"/Users/larslemos/Documents/DEVELOPMENT/openmrs-esm-ohri/packages/esm-cervical-cancer-app/src/views/cacx-visits/Tabs/cacx-registration.component.tsx": {"path":"/Users/larslemos/Documents/DEVELOPMENT/openmrs-esm-ohri/packages/esm-cervical-cancer-app/src/views/cacx-visits/Tabs/cacx-registration.component.tsx","statementMap":{"0":{"start":{"line":16,"column":66},"end":{"line":86,"column":null}},"1":{"start":{"line":17,"column":16},"end":{"line":17,"column":null}},"2":{"start":{"line":19,"column":44},"end":{"line":67,"column":null}},"3":{"start":{"line":20,"column":10},"end":{"line":66,"column":null}},"4":{"start":{"line":25,"column":10},"end":{"line":25,"column":null}},"5":{"start":{"line":32,"column":10},"end":{"line":32,"column":null}},"6":{"start":{"line":39,"column":10},"end":{"line":39,"column":null}},"7":{"start":{"line":47,"column":30},"end":{"line":62,"column":null}},"8":{"start":{"line":63,"column":10},"end":{"line":63,"column":null}},"9":{"start":{"line":70,"column":22},"end":{"line":70,"column":null}}},"fnMap":{"0":{"name":"(anonymous_0)","decl":{"start":{"line":16,"column":66},"end":{"line":16,"column":67}},"loc":{"start":{"line":16,"column":87},"end":{"line":86,"column":null}}},"1":{"name":"(anonymous_1)","decl":{"start":{"line":20,"column":4},"end":{"line":20,"column":10}},"loc":{"start":{"line":20,"column":10},"end":{"line":66,"column":null}}},"2":{"name":"(anonymous_2)","decl":{"start":{"line":24,"column":18},"end":{"line":24,"column":19}},"loc":{"start":{"line":24,"column":33},"end":{"line":26,"column":null}}},"3":{"name":"(anonymous_3)","decl":{"start":{"line":31,"column":18},"end":{"line":31,"column":19}},"loc":{"start":{"line":31,"column":33},"end":{"line":33,"column":null}}},"4":{"name":"(anonymous_4)","decl":{"start":{"line":38,"column":18},"end":{"line":38,"column":19}},"loc":{"start":{"line":38,"column":33},"end":{"line":40,"column":null}}},"5":{"name":"(anonymous_5)","decl":{"start":{"line":46,"column":18},"end":{"line":46,"column":19}},"loc":{"start":{"line":46,"column":33},"end":{"line":64,"column":null}}}},"branchMap":{},"s":{"0":0,"1":0,"2":0,"3":0,"4":0,"5":0,"6":0,"7":0,"8":0,"9":0},"f":{"0":0,"1":0,"2":0,"3":0,"4":0,"5":0},"b":{}}
,"/Users/larslemos/Documents/DEVELOPMENT/openmrs-esm-ohri/packages/esm-cervical-cancer-app/src/views/cacx-visits/Tabs/cacx-screening.component.tsx": {"path":"/Users/larslemos/Documents/DEVELOPMENT/openmrs-esm-ohri/packages/esm-cervical-cancer-app/src/views/cacx-visits/Tabs/cacx-screening.component.tsx","statementMap":{"0":{"start":{"line":9,"column":60},"end":{"line":18,"column":null}},"1":{"start":{"line":10,"column":16},"end":{"line":10,"column":null}},"2":{"start":{"line":11,"column":22},"end":{"line":11,"column":null}}},"fnMap":{"0":{"name":"(anonymous_0)","decl":{"start":{"line":9,"column":60},"end":{"line":9,"column":61}},"loc":{"start":{"line":9,"column":81},"end":{"line":18,"column":null}}}},"branchMap":{},"s":{"0":0,"1":0,"2":0},"f":{"0":0},"b":{}}
,"/Users/larslemos/Documents/DEVELOPMENT/openmrs-esm-ohri/packages/esm-cervical-cancer-app/src/views/cacx-visits/Tabs/cacx-treatment.component.tsx": {"path":"/Users/larslemos/Documents/DEVELOPMENT/openmrs-esm-ohri/packages/esm-cervical-cancer-app/src/views/cacx-visits/Tabs/cacx-treatment.component.tsx","statementMap":{"0":{"start":{"line":17,"column":60},"end":{"line":94,"column":null}},"1":{"start":{"line":18,"column":16},"end":{"line":18,"column":null}},"2":{"start":{"line":20,"column":44},"end":{"line":75,"column":null}},"3":{"start":{"line":21,"column":10},"end":{"line":74,"column":null}},"4":{"start":{"line":26,"column":10},"end":{"line":26,"column":null}},"5":{"start":{"line":33,"column":10},"end":{"line":33,"column":null}},"6":{"start":{"line":40,"column":10},"end":{"line":40,"column":null}},"7":{"start":{"line":47,"column":10},"end":{"line":47,"column":null}},"8":{"start":{"line":55,"column":30},"end":{"line":70,"column":null}},"9":{"start":{"line":71,"column":10},"end":{"line":71,"column":null}},"10":{"start":{"line":78,"column":22},"end":{"line":78,"column":null}}},"fnMap":{"0":{"name":"(anonymous_0)","decl":{"start":{"line":17,"column":60},"end":{"line":17,"column":61}},"loc":{"start":{"line":17,"column":81},"end":{"line":94,"column":null}}},"1":{"name":"(anonymous_1)","decl":{"start":{"line":21,"column":4},"end":{"line":21,"column":10}},"loc":{"start":{"line":21,"column":10},"end":{"line":74,"column":null}}},"2":{"name":"(anonymous_2)","decl":{"start":{"line":25,"column":18},"end":{"line":25,"column":19}},"loc":{"start":{"line":25,"column":33},"end":{"line":27,"column":null}}},"3":{"name":"(anonymous_3)","decl":{"start":{"line":32,"column":18},"end":{"line":32,"column":19}},"loc":{"start":{"line":32,"column":33},"end":{"line":34,"column":null}}},"4":{"name":"(anonymous_4)","decl":{"start":{"line":39,"column":18},"end":{"line":39,"column":19}},"loc":{"start":{"line":39,"column":33},"end":{"line":41,"column":null}}},"5":{"name":"(anonymous_5)","decl":{"start":{"line":46,"column":18},"end":{"line":46,"column":19}},"loc":{"start":{"line":46,"column":33},"end":{"line":48,"column":null}}},"6":{"name":"(anonymous_6)","decl":{"start":{"line":54,"column":18},"end":{"line":54,"column":19}},"loc":{"start":{"line":54,"column":33},"end":{"line":72,"column":null}}}},"branchMap":{},"s":{"0":0,"1":0,"2":0,"3":0,"4":0,"5":0,"6":0,"7":0,"8":0,"9":0,"10":0},"f":{"0":0,"1":0,"2":0,"3":0,"4":0,"5":0,"6":0},"b":{}}
,"/Users/larslemos/Documents/DEVELOPMENT/openmrs-esm-ohri/packages/esm-commons-lib/src/components/banner-tags/active-visit-tag.component.tsx": {"path":"/Users/larslemos/Documents/DEVELOPMENT/openmrs-esm-ohri/packages/esm-commons-lib/src/components/banner-tags/active-visit-tag.component.tsx","statementMap":{"0":{"start":{"line":9,"column":27},"end":{"line":9,"column":null}},"1":{"start":{"line":10,"column":16},"end":{"line":10,"column":null}},"2":{"start":{"line":11,"column":2},"end":{"line":26,"column":null}}},"fnMap":{"0":{"name":"ActiveVisitBannerTag","decl":{"start":{"line":8,"column":16},"end":{"line":8,"column":37}},"loc":{"start":{"line":8,"column":54},"end":{"line":30,"column":1}}}},"branchMap":{"0":{"loc":{"start":{"line":12,"column":4},"end":{"line":26,"column":null}},"type":"binary-expr","locations":[{"start":{"line":12,"column":4},"end":{"line":12,"column":null}},{"start":{"line":13,"column":6},"end":{"line":26,"column":null}}]},"1":{"loc":{"start":{"line":18,"column":15},"end":{"line":18,"column":84}},"type":"binary-expr","locations":[{"start":{"line":18,"column":15},"end":{"line":18,"column":31}},{"start":{"line":18,"column":31},"end":{"line":18,"column":53}},{"start":{"line":18,"column":57},"end":{"line":18,"column":84}}]},"2":{"loc":{"start":{"line":22,"column":27},"end":{"line":22,"column":69}},"type":"binary-expr","locations":[{"start":{"line":22,"column":27},"end":{"line":22,"column":43}},{"start":{"line":22,"column":43},"end":{"line":22,"column":69}}]}},"s":{"0":0,"1":0,"2":0},"f":{"0":0},"b":{"0":[0,0],"1":[0,0,0],"2":[0,0]}}
,"/Users/larslemos/Documents/DEVELOPMENT/openmrs-esm-ohri/packages/esm-commons-lib/src/components/banner-tags/patient-covid-outcomes-tag.component.tsx": {"path":"/Users/larslemos/Documents/DEVELOPMENT/openmrs-esm-ohri/packages/esm-commons-lib/src/components/banner-tags/patient-covid-outcomes-tag.component.tsx","statementMap":{"0":{"start":{"line":7,"column":45},"end":{"line":29,"column":2}},"1":{"start":{"line":9,"column":16},"end":{"line":9,"column":null}},"2":{"start":{"line":10,"column":58},"end":{"line":10,"column":null}},"3":{"start":{"line":11,"column":27},"end":{"line":24,"column":null}},"4":{"start":{"line":26,"column":42},"end":{"line":26,"column":null}},"5":{"start":{"line":28,"column":2},"end":{"line":28,"column":null}}},"fnMap":{"0":{"name":"(anonymous_0)","decl":{"start":{"line":7,"column":45},"end":{"line":7,"column":46}},"loc":{"start":{"line":7,"column":66},"end":{"line":29,"column":2}}}},"branchMap":{"0":{"loc":{"start":{"line":28,"column":12},"end":{"line":28,"column":null}},"type":"binary-expr","locations":[{"start":{"line":28,"column":12},"end":{"line":28,"column":36}},{"start":{"line":28,"column":36},"end":{"line":28,"column":null}}]}},"s":{"0":0,"1":0,"2":0,"3":0,"4":0,"5":0},"f":{"0":0},"b":{"0":[0,0]}}
,"/Users/larslemos/Documents/DEVELOPMENT/openmrs-esm-ohri/packages/esm-commons-lib/src/components/banner-tags/patient-status-tag.component.tsx": {"path":"/Users/larslemos/Documents/DEVELOPMENT/openmrs-esm-ohri/packages/esm-commons-lib/src/components/banner-tags/patient-status-tag.component.tsx","statementMap":{"0":{"start":{"line":8,"column":16},"end":{"line":8,"column":null}},"1":{"start":{"line":9,"column":40},"end":{"line":9,"column":null}},"2":{"start":{"line":11,"column":2},"end":{"line":13,"column":null}},"3":{"start":{"line":12,"column":4},"end":{"line":12,"column":null}},"4":{"start":{"line":12,"column":55},"end":{"line":12,"column":null}},"5":{"start":{"line":18,"column":2},"end":{"line":18,"column":null}}},"fnMap":{"0":{"name":"PatientStatusBannerTag","decl":{"start":{"line":7,"column":16},"end":{"line":7,"column":39}},"loc":{"start":{"line":7,"column":56},"end":{"line":19,"column":1}}},"1":{"name":"(anonymous_1)","decl":{"start":{"line":11,"column":12},"end":{"line":11,"column":18}},"loc":{"start":{"line":11,"column":18},"end":{"line":13,"column":5}}},"2":{"name":"(anonymous_2)","decl":{"start":{"line":12,"column":43},"end":{"line":12,"column":44}},"loc":{"start":{"line":12,"column":55},"end":{"line":12,"column":null}}}},"branchMap":{"0":{"loc":{"start":{"line":18,"column":12},"end":{"line":18,"column":null}},"type":"binary-expr","locations":[{"start":{"line":18,"column":12},"end":{"line":18,"column":27}},{"start":{"line":18,"column":27},"end":{"line":18,"column":null}}]}},"s":{"0":0,"1":0,"2":0,"3":0,"4":0,"5":0},"f":{"0":0,"1":0,"2":0},"b":{"0":[0,0]}}
,"/Users/larslemos/Documents/DEVELOPMENT/openmrs-esm-ohri/packages/esm-commons-lib/src/components/card-summary/card-summary.component.tsx": {"path":"/Users/larslemos/Documents/DEVELOPMENT/openmrs-esm-ohri/packages/esm-commons-lib/src/components/card-summary/card-summary.component.tsx","statementMap":{"0":{"start":{"line":29,"column":55},"end":{"line":110,"column":2}},"1":{"start":{"line":35,"column":44},"end":{"line":35,"column":null}},"2":{"start":{"line":36,"column":36},"end":{"line":36,"column":null}},"3":{"start":{"line":38,"column":2},"end":{"line":54,"column":null}},"4":{"start":{"line":39,"column":4},"end":{"line":53,"column":null}},"5":{"start":{"line":40,"column":6},"end":{"line":52,"column":7}},"6":{"start":{"line":41,"column":8},"end":{"line":46,"column":null}},"7":{"start":{"line":42,"column":32},"end":{"line":42,"column":null}},"8":{"start":{"line":43,"column":10},"end":{"line":45,"column":null}},"9":{"start":{"line":44,"column":12},"end":{"line":44,"column":null}},"10":{"start":{"line":48,"column":30},"end":{"line":48,"column":null}},"11":{"start":{"line":49,"column":8},"end":{"line":51,"column":null}},"12":{"start":{"line":50,"column":10},"end":{"line":50,"column":null}},"13":{"start":{"line":57,"column":18},"end":{"line":57,"column":73}},"14":{"start":{"line":58,"column":29},"end":{"line":58,"column":null}},"15":{"start":{"line":59,"column":4},"end":{"line":67,"column":5}},"16":{"start":{"line":60,"column":31},"end":{"line":62,"column":null}},"17":{"start":{"line":62,"column":10},"end":{"line":62,"column":null}},"18":{"start":{"line":64,"column":6},"end":{"line":64,"column":null}},"19":{"start":{"line":65,"column":6},"end":{"line":65,"column":null}},"20":{"start":{"line":66,"column":6},"end":{"line":66,"column":null}},"21":{"start":{"line":70,"column":2},"end":{"line":107,"column":null}},"22":{"start":{"line":82,"column":14},"end":{"line":101,"column":null}}},"fnMap":{"0":{"name":"(anonymous_0)","decl":{"start":{"line":29,"column":55},"end":{"line":29,"column":56}},"loc":{"start":{"line":34,"column":6},"end":{"line":110,"column":2}}},"1":{"name":"(anonymous_1)","decl":{"start":{"line":38,"column":12},"end":{"line":38,"column":18}},"loc":{"start":{"line":38,"column":18},"end":{"line":54,"column":5}}},"2":{"name":"(anonymous_2)","decl":{"start":{"line":39,"column":16},"end":{"line":39,"column":17}},"loc":{"start":{"line":39,"column":28},"end":{"line":53,"column":null}}},"3":{"name":"(anonymous_3)","decl":{"start":{"line":43,"column":31},"end":{"line":43,"column":32}},"loc":{"start":{"line":43,"column":42},"end":{"line":45,"column":null}}},"4":{"name":"(anonymous_4)","decl":{"start":{"line":49,"column":27},"end":{"line":49,"column":28}},"loc":{"start":{"line":49,"column":38},"end":{"line":51,"column":null}}},"5":{"name":"fetchPatientLastEncounter","decl":{"start":{"line":56,"column":17},"end":{"line":56,"column":43}},"loc":{"start":{"line":56,"column":66},"end":{"line":68,"column":null}}},"6":{"name":"(anonymous_6)","decl":{"start":{"line":61,"column":8},"end":{"line":61,"column":9}},"loc":{"start":{"line":62,"column":10},"end":{"line":62,"column":null}}},"7":{"name":"(anonymous_7)","decl":{"start":{"line":81,"column":25},"end":{"line":81,"column":26}},"loc":{"start":{"line":82,"column":14},"end":{"line":101,"column":null}}}},"branchMap":{"0":{"loc":{"start":{"line":33,"column":2},"end":{"line":33,"column":22}},"type":"default-arg","locations":[{"start":{"line":33,"column":17},"end":{"line":33,"column":22}}]},"1":{"loc":{"start":{"line":40,"column":6},"end":{"line":52,"column":7}},"type":"if","locations":[{"start":{"line":40,"column":6},"end":{"line":52,"column":7}},{"start":{"line":47,"column":13},"end":{"line":52,"column":7}}]},"2":{"loc":{"start":{"line":59,"column":4},"end":{"line":67,"column":5}},"type":"if","locations":[{"start":{"line":59,"column":4},"end":{"line":67,"column":5}}]},"3":{"loc":{"start":{"line":59,"column":8},"end":{"line":59,"column":44}},"type":"cond-expr","locations":[{"start":{"line":59,"column":8},"end":{"line":59,"column":25}},{"start":{"line":59,"column":8},"end":{"line":59,"column":44}}]},"4":{"loc":{"start":{"line":59,"column":8},"end":{"line":59,"column":25}},"type":"binary-expr","locations":[{"start":{"line":59,"column":8},"end":{"line":59,"column":39}},{"start":{"line":59,"column":8},"end":{"line":59,"column":25}}]},"5":{"loc":{"start":{"line":72,"column":7},"end":{"line":101,"column":null}},"type":"cond-expr","locations":[{"start":{"line":73,"column":8},"end":{"line":75,"column":9}},{"start":{"line":75,"column":8},"end":{"line":101,"column":null}}]},"6":{"loc":{"start":{"line":85,"column":19},"end":{"line":93,"column":null}},"type":"cond-expr","locations":[{"start":{"line":86,"column":20},"end":{"line":90,"column":21}},{"start":{"line":90,"column":20},"end":{"line":93,"column":null}}]},"7":{"loc":{"start":{"line":95,"column":19},"end":{"line":100,"column":null}},"type":"cond-expr","locations":[{"start":{"line":96,"column":20},"end":{"line":97,"column":null}},{"start":{"line":100,"column":20},"end":{"line":100,"column":null}}]}},"s":{"0":0,"1":0,"2":0,"3":0,"4":0,"5":0,"6":0,"7":0,"8":0,"9":0,"10":0,"11":0,"12":0,"13":0,"14":0,"15":0,"16":0,"17":0,"18":0,"19":0,"20":0,"21":0,"22":0},"f":{"0":0,"1":0,"2":0,"3":0,"4":0,"5":0,"6":0,"7":0},"b":{"0":[0],"1":[0,0],"2":[0],"3":[0,0],"4":[0,0],"5":[0,0],"6":[0,0],"7":[0,0]}}
,"/Users/larslemos/Documents/DEVELOPMENT/openmrs-esm-ohri/packages/esm-commons-lib/src/components/data-table/o-table.component.tsx": {"path":"/Users/larslemos/Documents/DEVELOPMENT/openmrs-esm-ohri/packages/esm-commons-lib/src/components/data-table/o-table.component.tsx","statementMap":{"0":{"start":{"line":20,"column":44},"end":{"line":56,"column":2}},"1":{"start":{"line":29,"column":18},"end":{"line":35,"column":null}}},"fnMap":{"0":{"name":"(anonymous_2)","decl":{"start":{"line":20,"column":44},"end":{"line":20,"column":45}},"loc":{"start":{"line":20,"column":77},"end":{"line":56,"column":2}}},"1":{"name":"(anonymous_4)","decl":{"start":{"line":28,"column":29},"end":{"line":28,"column":30}},"loc":{"start":{"line":28,"column":30},"end":{"line":40,"column":13}}}},"branchMap":{"0":{"loc":{"start":{"line":35,"column":21},"end":{"line":35,"column":60}},"type":"cond-expr","locations":[{"start":{"line":35,"column":21},"end":{"line":35,"column":28}},{"start":{"line":35,"column":47},"end":{"line":35,"column":60}}]},"1":{"loc":{"start":{"line":35,"column":21},"end":{"line":35,"column":28}},"type":"binary-expr","locations":[{"start":{"line":35,"column":21},"end":{"line":35,"column":47}},{"start":{"line":35,"column":21},"end":{"line":35,"column":28}}]},"2":{"loc":{"start":{"line":35,"column":21},"end":{"line":35,"column":43}},"type":"cond-expr","locations":[{"start":{"line":35,"column":21},"end":{"line":35,"column":28}},{"start":{"line":35,"column":21},"end":{"line":35,"column":43}}]},"3":{"loc":{"start":{"line":35,"column":21},"end":{"line":35,"column":28}},"type":"binary-expr","locations":[{"start":{"line":35,"column":21},"end":{"line":35,"column":36}},{"start":{"line":35,"column":21},"end":{"line":35,"column":28}}]},"4":{"loc":{"start":{"line":45,"column":43},"end":{"line":45,"column":76}},"type":"cond-expr","locations":[{"start":{"line":45,"column":43},"end":{"line":45,"column":48}},{"start":{"line":45,"column":66},"end":{"line":45,"column":76}}]},"5":{"loc":{"start":{"line":45,"column":43},"end":{"line":45,"column":48}},"type":"binary-expr","locations":[{"start":{"line":45,"column":43},"end":{"line":45,"column":66}},{"start":{"line":45,"column":43},"end":{"line":45,"column":48}}]},"6":{"loc":{"start":{"line":45,"column":43},"end":{"line":45,"column":62}},"type":"cond-expr","locations":[{"start":{"line":45,"column":43},"end":{"line":45,"column":48}},{"start":{"line":45,"column":43},"end":{"line":45,"column":62}}]},"7":{"loc":{"start":{"line":45,"column":43},"end":{"line":45,"column":48}},"type":"binary-expr","locations":[{"start":{"line":45,"column":43},"end":{"line":45,"column":55}},{"start":{"line":45,"column":43},"end":{"line":45,"column":48}}]}},"s":{"0":0,"1":0},"f":{"0":0,"1":0},"b":{"0":[0,0],"1":[0,0],"2":[0,0],"3":[0,0],"4":[0,0],"5":[0,0],"6":[0,0],"7":[0,0]}}
,"/Users/larslemos/Documents/DEVELOPMENT/openmrs-esm-ohri/packages/esm-commons-lib/src/components/empty-state/empty-data-illustration.component.tsx": {"path":"/Users/larslemos/Documents/DEVELOPMENT/openmrs-esm-ohri/packages/esm-commons-lib/src/components/empty-state/empty-data-illustration.component.tsx","statementMap":{"0":{"start":{"line":3,"column":37},"end":{"line":39,"column":2}}},"fnMap":{"0":{"name":"(anonymous_0)","decl":{"start":{"line":3,"column":37},"end":{"line":3,"column":38}},"loc":{"start":{"line":3,"column":74},"end":{"line":39,"column":2}}}},"branchMap":{"0":{"loc":{"start":{"line":3,"column":40},"end":{"line":3,"column":52}},"type":"default-arg","locations":[{"start":{"line":3,"column":48},"end":{"line":3,"column":52}}]},"1":{"loc":{"start":{"line":3,"column":54},"end":{"line":3,"column":67}},"type":"default-arg","locations":[{"start":{"line":3,"column":63},"end":{"line":3,"column":67}}]}},"s":{"0":0},"f":{"0":0},"b":{"0":[0],"1":[0]}}
,"/Users/larslemos/Documents/DEVELOPMENT/openmrs-esm-ohri/packages/esm-commons-lib/src/components/empty-state/empty-state-boilerplate.component.tsx": {"path":"/Users/larslemos/Documents/DEVELOPMENT/openmrs-esm-ohri/packages/esm-commons-lib/src/components/empty-state/empty-state-boilerplate.component.tsx","statementMap":{"0":{"start":{"line":13,"column":53},"end":{"line":27,"column":2}},"1":{"start":{"line":14,"column":16},"end":{"line":14,"column":null}},"2":{"start":{"line":16,"column":2},"end":{"line":21,"column":null}}},"fnMap":{"0":{"name":"(anonymous_0)","decl":{"start":{"line":13,"column":53},"end":{"line":13,"column":54}},"loc":{"start":{"line":13,"column":64},"end":{"line":27,"column":2}}}},"branchMap":{},"s":{"0":0,"1":0,"2":0},"f":{"0":0},"b":{}}
,"/Users/larslemos/Documents/DEVELOPMENT/openmrs-esm-ohri/packages/esm-commons-lib/src/components/empty-state/empty-state-comingsoon.component.tsx": {"path":"/Users/larslemos/Documents/DEVELOPMENT/openmrs-esm-ohri/packages/esm-commons-lib/src/components/empty-state/empty-state-comingsoon.component.tsx","statementMap":{"0":{"start":{"line":15,"column":63},"end":{"line":36,"column":2}},"1":{"start":{"line":16,"column":16},"end":{"line":16,"column":null}}},"fnMap":{"0":{"name":"(anonymous_0)","decl":{"start":{"line":15,"column":63},"end":{"line":15,"column":64}},"loc":{"start":{"line":15,"column":97},"end":{"line":36,"column":2}}}},"branchMap":{},"s":{"0":0,"1":0},"f":{"0":0},"b":{}}
,"/Users/larslemos/Documents/DEVELOPMENT/openmrs-esm-ohri/packages/esm-commons-lib/src/components/empty-state/empty-state.component.tsx": {"path":"/Users/larslemos/Documents/DEVELOPMENT/openmrs-esm-ohri/packages/esm-commons-lib/src/components/empty-state/empty-state.component.tsx","statementMap":{"0":{"start":{"line":15,"column":53},"end":{"line":51,"column":2}},"1":{"start":{"line":22,"column":16},"end":{"line":22,"column":null}},"2":{"start":{"line":40,"column":35},"end":{"line":40,"column":null}}},"fnMap":{"0":{"name":"(anonymous_0)","decl":{"start":{"line":15,"column":53},"end":{"line":15,"column":54}},"loc":{"start":{"line":21,"column":6},"end":{"line":51,"column":2}}},"1":{"name":"(anonymous_1)","decl":{"start":{"line":40,"column":29},"end":{"line":40,"column":35}},"loc":{"start":{"line":40,"column":35},"end":{"line":40,"column":null}}}},"branchMap":{"0":{"loc":{"start":{"line":19,"column":2},"end":{"line":19,"column":25}},"type":"default-arg","locations":[{"start":{"line":19,"column":21},"end":{"line":19,"column":25}}]},"1":{"loc":{"start":{"line":35,"column":15},"end":{"line":35,"column":81}},"type":"cond-expr","locations":[{"start":{"line":35,"column":57},"end":{"line":35,"column":79}},{"start":{"line":35,"column":79},"end":{"line":35,"column":81}}]},"2":{"loc":{"start":{"line":38,"column":11},"end":{"line":41,"column":null}},"type":"binary-expr","locations":[{"start":{"line":38,"column":11},"end":{"line":38,"column":34}},{"start":{"line":38,"column":34},"end":{"line":38,"column":null}},{"start":{"line":39,"column":12},"end":{"line":41,"column":null}}]}},"s":{"0":0,"1":0,"2":0},"f":{"0":0,"1":0},"b":{"0":[0],"1":[0,0],"2":[0,0,0]}}
,"/Users/larslemos/Documents/DEVELOPMENT/openmrs-esm-ohri/packages/esm-commons-lib/src/components/empty-state/table-empty-state.component.tsx": {"path":"/Users/larslemos/Documents/DEVELOPMENT/openmrs-esm-ohri/packages/esm-commons-lib/src/components/empty-state/table-empty-state.component.tsx","statementMap":{"0":{"start":{"line":13,"column":116},"end":{"line":47,"column":2}},"1":{"start":{"line":21,"column":10},"end":{"line":38,"column":null}},"2":{"start":{"line":26,"column":20},"end":{"line":31,"column":null}}},"fnMap":{"0":{"name":"(anonymous_2)","decl":{"start":{"line":13,"column":116},"end":{"line":13,"column":117}},"loc":{"start":{"line":16,"column":6},"end":{"line":47,"column":2}}},"1":{"name":"(anonymous_4)","decl":{"start":{"line":25,"column":31},"end":{"line":25,"column":32}},"loc":{"start":{"line":25,"column":32},"end":{"line":36,"column":15}}}},"branchMap":{"0":{"loc":{"start":{"line":31,"column":23},"end":{"line":31,"column":62}},"type":"cond-expr","locations":[{"start":{"line":31,"column":23},"end":{"line":31,"column":30}},{"start":{"line":31,"column":49},"end":{"line":31,"column":62}}]},"1":{"loc":{"start":{"line":31,"column":23},"end":{"line":31,"column":30}},"type":"binary-expr","locations":[{"start":{"line":31,"column":23},"end":{"line":31,"column":49}},{"start":{"line":31,"column":23},"end":{"line":31,"column":30}}]},"2":{"loc":{"start":{"line":31,"column":23},"end":{"line":31,"column":45}},"type":"cond-expr","locations":[{"start":{"line":31,"column":23},"end":{"line":31,"column":30}},{"start":{"line":31,"column":23},"end":{"line":31,"column":45}}]},"3":{"loc":{"start":{"line":31,"column":23},"end":{"line":31,"column":30}},"type":"binary-expr","locations":[{"start":{"line":31,"column":23},"end":{"line":31,"column":38}},{"start":{"line":31,"column":23},"end":{"line":31,"column":30}}]}},"s":{"0":0,"1":0,"2":0},"f":{"0":0,"1":0},"b":{"0":[0,0],"1":[0,0],"2":[0,0],"3":[0,0]}}
,"/Users/larslemos/Documents/DEVELOPMENT/openmrs-esm-ohri/packages/esm-commons-lib/src/components/encounter-list/encounter-list.component.tsx": {"path":"/Users/larslemos/Documents/DEVELOPMENT/openmrs-esm-ohri/packages/esm-commons-lib/src/components/encounter-list/encounter-list.component.tsx","statementMap":{"0":{"start":{"line":45,"column":59},"end":{"line":258,"column":2}},"1":{"start":{"line":55,"column":16},"end":{"line":55,"column":null}},"2":{"start":{"line":56,"column":44},"end":{"line":56,"column":null}},"3":{"start":{"line":57,"column":28},"end":{"line":57,"column":null}},"4":{"start":{"line":58,"column":40},"end":{"line":58,"column":null}},"5":{"start":{"line":59,"column":34},"end":{"line":59,"column":null}},"6":{"start":{"line":60,"column":46},"end":{"line":60,"column":null}},"7":{"start":{"line":61,"column":21},"end":{"line":61,"column":null}},"8":{"start":{"line":62,"column":55},"end":{"line":62,"column":null}},"9":{"start":{"line":62,"column":91},"end":{"line":62,"column":100}},"10":{"start":{"line":63,"column":57},"end":{"line":63,"column":null}},"11":{"start":{"line":64,"column":77},"end":{"line":64,"column":null}},"12":{"start":{"line":66,"column":25},"end":{"line":85,"column":null}},"13":{"start":{"line":67,"column":10},"end":{"line":84,"column":null}},"14":{"start":{"line":88,"column":2},"end":{"line":109,"column":null}},"15":{"start":{"line":89,"column":4},"end":{"line":108,"column":5}},"16":{"start":{"line":90,"column":39},"end":{"line":105,"column":null}},"17":{"start":{"line":91,"column":27},"end":{"line":91,"column":null}},"18":{"start":{"line":91,"column":61},"end":{"line":91,"column":94}},"19":{"start":{"line":93,"column":8},"end":{"line":97,"column":9}},"20":{"start":{"line":94,"column":10},"end":{"line":95,"column":null}},"21":{"start":{"line":95,"column":29},"end":{"line":95,"column":null}},"22":{"start":{"line":99,"column":8},"end":{"line":103,"column":9}},"23":{"start":{"line":100,"column":10},"end":{"line":101,"column":null}},"24":{"start":{"line":101,"column":29},"end":{"line":101,"column":73}},"25":{"start":{"line":104,"column":8},"end":{"line":104,"column":null}},"26":{"start":{"line":106,"column":6},"end":{"line":106,"column":null}},"27":{"start":{"line":107,"column":6},"end":{"line":107,"column":null}},"28":{"start":{"line":111,"column":18},"end":{"line":118,"column":null}},"29":{"start":{"line":112,"column":4},"end":{"line":116,"column":5}},"30":{"start":{"line":113,"column":6},"end":{"line":115,"column":null}},"31":{"start":{"line":114,"column":8},"end":{"line":114,"column":null}},"32":{"start":{"line":117,"column":4},"end":{"line":117,"column":null}},"33":{"start":{"line":120,"column":38},"end":{"line":185,"column":null}},"34":{"start":{"line":122,"column":25},"end":{"line":122,"column":null}},"35":{"start":{"line":123,"column":34},"end":{"line":123,"column":36}},"36":{"start":{"line":124,"column":6},"end":{"line":128,"column":null}},"37":{"start":{"line":124,"column":19},"end":{"line":124,"column":31}},"38":{"start":{"line":125,"column":8},"end":{"line":127,"column":9}},"39":{"start":{"line":126,"column":10},"end":{"line":126,"column":null}},"40":{"start":{"line":129,"column":19},"end":{"line":182,"column":null}},"41":{"start":{"line":130,"column":55},"end":{"line":130,"column":null}},"42":{"start":{"line":132,"column":8},"end":{"line":137,"column":null}},"43":{"start":{"line":134,"column":12},"end":{"line":134,"column":null}},"44":{"start":{"line":136,"column":12},"end":{"line":136,"column":null}},"45":{"start":{"line":139,"column":8},"end":{"line":157,"column":null}},"46":{"start":{"line":140,"column":20},"end":{"line":140,"column":null}},"47":{"start":{"line":141,"column":10},"end":{"line":155,"column":11}},"48":{"start":{"line":142,"column":12},"end":{"line":152,"column":null}},"49":{"start":{"line":145,"column":18},"end":{"line":145,"column":null}},"50":{"start":{"line":146,"column":18},"end":{"line":150,"column":19}},"51":{"start":{"line":147,"column":20},"end":{"line":147,"column":null}},"52":{"start":{"line":149,"column":20},"end":{"line":149,"column":null}},"53":{"start":{"line":156,"column":10},"end":{"line":156,"column":null}},"54":{"start":{"line":159,"column":24},"end":{"line":159,"column":84}},"55":{"start":{"line":166,"column":18},"end":{"line":166,"column":null}},"56":{"start":{"line":167,"column":18},"end":{"line":174,"column":null}},"57":{"start":{"line":168,"column":41},"end":{"line":168,"column":70}},"58":{"start":{"line":181,"column":8},"end":{"line":181,"column":null}},"59":{"start":{"line":183,"column":6},"end":{"line":183,"column":null}},"60":{"start":{"line":188,"column":2},"end":{"line":192,"column":null}},"61":{"start":{"line":189,"column":4},"end":{"line":191,"column":5}},"62":{"start":{"line":190,"column":6},"end":{"line":190,"column":null}},"63":{"start":{"line":194,"column":23},"end":{"line":221,"column":null}},"64":{"start":{"line":195,"column":4},"end":{"line":220,"column":5}},"65":{"start":{"line":198,"column":6},"end":{"line":207,"column":null}},"66":{"start":{"line":204,"column":12},"end":{"line":204,"column":null}},"67":{"start":{"line":205,"column":12},"end":{"line":205,"column":null}},"68":{"start":{"line":210,"column":11},"end":{"line":220,"column":5}},"69":{"start":{"line":215,"column":12},"end":{"line":215,"column":null}},"70":{"start":{"line":223,"column":2},"end":{"line":255,"column":null}},"71":{"start":{"line":241,"column":16},"end":{"line":241,"column":null}},"72":{"start":{"line":242,"column":16},"end":{"line":242,"column":null}},"73":{"start":{"line":251,"column":28},"end":{"line":251,"column":null}}},"fnMap":{"0":{"name":"(anonymous_0)","decl":{"start":{"line":45,"column":59},"end":{"line":45,"column":60}},"loc":{"start":{"line":54,"column":6},"end":{"line":258,"column":2}}},"1":{"name":"(anonymous_1)","decl":{"start":{"line":62,"column":81},"end":{"line":62,"column":82}},"loc":{"start":{"line":62,"column":91},"end":{"line":62,"column":100}}},"2":{"name":"(anonymous_2)","decl":{"start":{"line":67,"column":4},"end":{"line":67,"column":10}},"loc":{"start":{"line":67,"column":4},"end":{"line":85,"column":5}}},"3":{"name":"(anonymous_3)","decl":{"start":{"line":88,"column":12},"end":{"line":88,"column":18}},"loc":{"start":{"line":88,"column":18},"end":{"line":109,"column":5}}},"4":{"name":"(anonymous_4)","decl":{"start":{"line":90,"column":53},"end":{"line":90,"column":54}},"loc":{"start":{"line":90,"column":63},"end":{"line":105,"column":null}}},"5":{"name":"(anonymous_5)","decl":{"start":{"line":91,"column":41},"end":{"line":91,"column":42}},"loc":{"start":{"line":91,"column":61},"end":{"line":91,"column":94}}},"6":{"name":"(anonymous_6)","decl":{"start":{"line":95,"column":12},"end":{"line":95,"column":13}},"loc":{"start":{"line":95,"column":29},"end":{"line":95,"column":null}}},"7":{"name":"(anonymous_7)","decl":{"start":{"line":101,"column":12},"end":{"line":101,"column":13}},"loc":{"start":{"line":101,"column":29},"end":{"line":101,"column":73}}},"8":{"name":"(anonymous_8)","decl":{"start":{"line":111,"column":26},"end":{"line":111,"column":32}},"loc":{"start":{"line":111,"column":32},"end":{"line":118,"column":5}}},"9":{"name":"(anonymous_9)","decl":{"start":{"line":113,"column":25},"end":{"line":113,"column":26}},"loc":{"start":{"line":113,"column":37},"end":{"line":115,"column":null}}},"10":{"name":"(anonymous_10)","decl":{"start":{"line":121,"column":4},"end":{"line":121,"column":5}},"loc":{"start":{"line":121,"column":79},"end":{"line":184,"column":null}}},"11":{"name":"(anonymous_11)","decl":{"start":{"line":129,"column":43},"end":{"line":129,"column":44}},"loc":{"start":{"line":129,"column":58},"end":{"line":182,"column":null}}},"12":{"name":"(anonymous_12)","decl":{"start":{"line":133,"column":25},"end":{"line":133,"column":null}},"loc":{"start":{"line":134,"column":12},"end":{"line":134,"column":null}}},"13":{"name":"(anonymous_13)","decl":{"start":{"line":135,"column":25},"end":{"line":135,"column":null}},"loc":{"start":{"line":136,"column":12},"end":{"line":136,"column":null}}},"14":{"name":"(anonymous_14)","decl":{"start":{"line":139,"column":24},"end":{"line":139,"column":25}},"loc":{"start":{"line":139,"column":36},"end":{"line":157,"column":null}}},"15":{"name":"(anonymous_15)","decl":{"start":{"line":144,"column":25},"end":{"line":144,"column":26}},"loc":{"start":{"line":144,"column":32},"end":{"line":151,"column":null}}},"16":{"name":"(anonymous_17)","decl":{"start":{"line":165,"column":25},"end":{"line":165,"column":26}},"loc":{"start":{"line":165,"column":32},"end":{"line":176,"column":null}}},"17":{"name":"(anonymous_18)","decl":{"start":{"line":168,"column":31},"end":{"line":168,"column":32}},"loc":{"start":{"line":168,"column":32},"end":{"line":169,"column":null}}},"18":{"name":"(anonymous_19)","decl":{"start":{"line":188,"column":12},"end":{"line":188,"column":18}},"loc":{"start":{"line":188,"column":18},"end":{"line":192,"column":5}}},"19":{"name":"(anonymous_20)","decl":{"start":{"line":194,"column":31},"end":{"line":194,"column":37}},"loc":{"start":{"line":194,"column":37},"end":{"line":221,"column":5}}},"20":{"name":"(anonymous_21)","decl":{"start":{"line":203,"column":19},"end":{"line":203,"column":20}},"loc":{"start":{"line":203,"column":26},"end":{"line":206,"column":null}}},"21":{"name":"(anonymous_22)","decl":{"start":{"line":214,"column":22},"end":{"line":214,"column":23}},"loc":{"start":{"line":215,"column":12},"end":{"line":215,"column":null}}},"22":{"name":"(anonymous_23)","decl":{"start":{"line":240,"column":24},"end":{"line":240,"column":25}},"loc":{"start":{"line":240,"column":48},"end":{"line":243,"column":null}}},"23":{"name":"(anonymous_24)","decl":{"start":{"line":251,"column":22},"end":{"line":251,"column":28}},"loc":{"start":{"line":251,"column":28},"end":{"line":251,"column":null}}}},"branchMap":{"0":{"loc":{"start":{"line":71,"column":16},"end":{"line":71,"column":30}},"type":"cond-expr","locations":[{"start":{"line":71,"column":16},"end":{"line":71,"column":21}},{"start":{"line":71,"column":16},"end":{"line":71,"column":30}}]},"1":{"loc":{"start":{"line":71,"column":16},"end":{"line":71,"column":21}},"type":"binary-expr","locations":[{"start":{"line":71,"column":16},"end":{"line":71,"column":26}},{"start":{"line":71,"column":16},"end":{"line":71,"column":21}}]},"2":{"loc":{"start":{"line":79,"column":16},"end":{"line":79,"column":30}},"type":"cond-expr","locations":[{"start":{"line":79,"column":16},"end":{"line":79,"column":21}},{"start":{"line":79,"column":16},"end":{"line":79,"column":30}}]},"3":{"loc":{"start":{"line":79,"column":16},"end":{"line":79,"column":21}},"type":"binary-expr","locations":[{"start":{"line":79,"column":16},"end":{"line":79,"column":26}},{"start":{"line":79,"column":16},"end":{"line":79,"column":21}}]},"4":{"loc":{"start":{"line":89,"column":4},"end":{"line":108,"column":5}},"type":"if","locations":[{"start":{"line":89,"column":4},"end":{"line":108,"column":5}}]},"5":{"loc":{"start":{"line":93,"column":8},"end":{"line":97,"column":9}},"type":"if","locations":[{"start":{"line":93,"column":8},"end":{"line":97,"column":9}}]},"6":{"loc":{"start":{"line":93,"column":12},"end":{"line":93,"column":49}},"type":"cond-expr","locations":[{"start":{"line":93,"column":12},"end":{"line":93,"column":24}},{"start":{"line":93,"column":12},"end":{"line":93,"column":49}}]},"7":{"loc":{"start":{"line":93,"column":12},"end":{"line":93,"column":24}},"type":"binary-expr","locations":[{"start":{"line":93,"column":12},"end":{"line":93,"column":24}},{"start":{"line":93,"column":12},"end":{"line":93,"column":24}}]},"8":{"loc":{"start":{"line":93,"column":12},"end":{"line":93,"column":24}},"type":"binary-expr","locations":[{"start":{"line":93,"column":12},"end":{"line":93,"column":41}},{"start":{"line":93,"column":12},"end":{"line":93,"column":24}}]},"9":{"loc":{"start":{"line":99,"column":8},"end":{"line":103,"column":9}},"type":"if","locations":[{"start":{"line":99,"column":8},"end":{"line":103,"column":9}}]},"10":{"loc":{"start":{"line":99,"column":12},"end":{"line":99,"column":35}},"type":"cond-expr","locations":[{"start":{"line":99,"column":12},"end":{"line":99,"column":24}},{"start":{"line":99,"column":12},"end":{"line":99,"column":35}}]},"11":{"loc":{"start":{"line":99,"column":12},"end":{"line":99,"column":24}},"type":"binary-expr","locations":[{"start":{"line":99,"column":12},"end":{"line":99,"column":24}},{"start":{"line":99,"column":12},"end":{"line":99,"column":24}}]},"12":{"loc":{"start":{"line":112,"column":4},"end":{"line":116,"column":5}},"type":"if","locations":[{"start":{"line":112,"column":4},"end":{"line":116,"column":5}}]},"13":{"loc":{"start":{"line":125,"column":8},"end":{"line":127,"column":9}},"type":"if","locations":[{"start":{"line":125,"column":8},"end":{"line":127,"column":9}}]},"14":{"loc":{"start":{"line":141,"column":10},"end":{"line":155,"column":11}},"type":"if","locations":[{"start":{"line":141,"column":10},"end":{"line":155,"column":11}}]},"15":{"loc":{"start":{"line":146,"column":18},"end":{"line":150,"column":19}},"type":"if","locations":[{"start":{"line":146,"column":18},"end":{"line":150,"column":19}},{"start":{"line":148,"column":25},"end":{"line":150,"column":19}}]},"16":{"loc":{"start":{"line":149,"column":20},"end":{"line":149,"column":null}},"type":"binary-expr","locations":[{"start":{"line":149,"column":20},"end":{"line":149,"column":38}},{"start":{"line":149,"column":43},"end":{"line":149,"column":null}}]},"17":{"loc":{"start":{"line":149,"column":20},"end":{"line":149,"column":38}},"type":"cond-expr","locations":[{"start":{"line":149,"column":20},"end":{"line":149,"column":27}},{"start":{"line":149,"column":20},"end":{"line":149,"column":38}}]},"18":{"loc":{"start":{"line":149,"column":20},"end":{"line":149,"column":27}},"type":"binary-expr","locations":[{"start":{"line":149,"column":20},"end":{"line":149,"column":33}},{"start":{"line":149,"column":20},"end":{"line":149,"column":27}}]},"19":{"loc":{"start":{"line":159,"column":24},"end":{"line":159,"column":84}},"type":"cond-expr","locations":[{"start":{"line":159,"column":51},"end":{"line":159,"column":67}},{"start":{"line":159,"column":70},"end":{"line":159,"column":84}}]},"20":{"loc":{"start":{"line":159,"column":24},"end":{"line":159,"column":47}},"type":"cond-expr","locations":[{"start":{"line":159,"column":24},"end":{"line":159,"column":33}},{"start":{"line":159,"column":24},"end":{"line":159,"column":47}}]},"21":{"loc":{"start":{"line":159,"column":24},"end":{"line":159,"column":33}},"type":"binary-expr","locations":[{"start":{"line":159,"column":24},"end":{"line":159,"column":42}},{"start":{"line":159,"column":24},"end":{"line":159,"column":33}}]},"22":{"loc":{"start":{"line":168,"column":54},"end":{"line":168,"column":null}},"type":"cond-expr","locations":[{"start":{"line":168,"column":54},"end":{"line":168,"column":66}},{"start":{"line":168,"column":54},"end":{"line":168,"column":null}}]},"23":{"loc":{"start":{"line":168,"column":54},"end":{"line":168,"column":66}},"type":"binary-expr","locations":[{"start":{"line":168,"column":54},"end":{"line":168,"column":66}},{"start":{"line":168,"column":54},"end":{"line":168,"column":66}}]},"24":{"loc":{"start":{"line":168,"column":54},"end":{"line":168,"column":66}},"type":"binary-expr","locations":[{"start":{"line":168,"column":54},"end":{"line":168,"column":72}},{"start":{"line":168,"column":54},"end":{"line":168,"column":66}}]},"25":{"loc":{"start":{"line":170,"column":20},"end":{"line":170,"column":72}},"type":"cond-expr","locations":[{"start":{"line":170,"column":49},"end":{"line":170,"column":57}},{"start":{"line":170,"column":57},"end":{"line":170,"column":72}}]},"26":{"loc":{"start":{"line":189,"column":4},"end":{"line":191,"column":5}},"type":"if","locations":[{"start":{"line":189,"column":4},"end":{"line":191,"column":5}}]},"27":{"loc":{"start":{"line":189,"column":8},"end":{"line":189,"column":26}},"type":"cond-expr","locations":[{"start":{"line":189,"column":8},"end":{"line":189,"column":20}},{"start":{"line":189,"column":8},"end":{"line":189,"column":26}}]},"28":{"loc":{"start":{"line":189,"column":8},"end":{"line":189,"column":20}},"type":"binary-expr","locations":[{"start":{"line":189,"column":8},"end":{"line":189,"column":20}},{"start":{"line":189,"column":8},"end":{"line":189,"column":20}}]},"29":{"loc":{"start":{"line":195,"column":4},"end":{"line":220,"column":5}},"type":"if","locations":[{"start":{"line":195,"column":4},"end":{"line":220,"column":5}},{"start":{"line":210,"column":11},"end":{"line":220,"column":5}}]},"30":{"loc":{"start":{"line":195,"column":8},"end":{"line":195,"column":65}},"type":"binary-expr","locations":[{"start":{"line":195,"column":8},"end":{"line":195,"column":29}},{"start":{"line":195,"column":29},"end":{"line":195,"column":65}}]},"31":{"loc":{"start":{"line":195,"column":30},"end":{"line":195,"column":65}},"type":"cond-expr","locations":[{"start":{"line":195,"column":30},"end":{"line":195,"column":35}},{"start":{"line":195,"column":30},"end":{"line":195,"column":65}}]},"32":{"loc":{"start":{"line":195,"column":30},"end":{"line":195,"column":35}},"type":"binary-expr","locations":[{"start":{"line":195,"column":30},"end":{"line":195,"column":60}},{"start":{"line":195,"column":30},"end":{"line":195,"column":35}}]},"33":{"loc":{"start":{"line":210,"column":11},"end":{"line":220,"column":5}},"type":"if","locations":[{"start":{"line":210,"column":11},"end":{"line":220,"column":5}}]},"34":{"loc":{"start":{"line":210,"column":15},"end":{"line":210,"column":58}},"type":"binary-expr","locations":[{"start":{"line":210,"column":15},"end":{"line":210,"column":27}},{"start":{"line":210,"column":31},"end":{"line":210,"column":58}}]},"35":{"loc":{"start":{"line":210,"column":33},"end":{"line":210,"column":58}},"type":"cond-expr","locations":[{"start":{"line":210,"column":33},"end":{"line":210,"column":53}},{"start":{"line":210,"column":53},"end":{"line":210,"column":58}}]},"36":{"loc":{"start":{"line":210,"column":33},"end":{"line":210,"column":53}},"type":"binary-expr","locations":[{"start":{"line":210,"column":33},"end":{"line":210,"column":53}},{"start":{"line":210,"column":33},"end":{"line":210,"column":53}}]},"37":{"loc":{"start":{"line":225,"column":7},"end":{"line":255,"column":null}},"type":"cond-expr","locations":[{"start":{"line":226,"column":8},"end":{"line":227,"column":21}},{"start":{"line":227,"column":10},"end":{"line":255,"column":null}}]},"38":{"loc":{"start":{"line":225,"column":7},"end":{"line":225,"column":null}},"type":"binary-expr","locations":[{"start":{"line":225,"column":7},"end":{"line":225,"column":30}},{"start":{"line":225,"column":30},"end":{"line":225,"column":null}}]},"39":{"loc":{"start":{"line":227,"column":10},"end":{"line":255,"column":null}},"type":"cond-expr","locations":[{"start":{"line":228,"column":8},"end":{"line":248,"column":9}},{"start":{"line":248,"column":8},"end":{"line":255,"column":null}}]},"40":{"loc":{"start":{"line":232,"column":15},"end":{"line":232,"column":null}},"type":"binary-expr","locations":[{"start":{"line":232,"column":15},"end":{"line":232,"column":42}},{"start":{"line":232,"column":48},"end":{"line":232,"column":null}}]},"41":{"loc":{"start":{"line":232,"column":17},"end":{"line":232,"column":42}},"type":"cond-expr","locations":[{"start":{"line":232,"column":17},"end":{"line":232,"column":37}},{"start":{"line":232,"column":37},"end":{"line":232,"column":42}}]},"42":{"loc":{"start":{"line":232,"column":17},"end":{"line":232,"column":37}},"type":"binary-expr","locations":[{"start":{"line":232,"column":17},"end":{"line":232,"column":37}},{"start":{"line":232,"column":17},"end":{"line":232,"column":37}}]},"43":{"loc":{"start":{"line":253,"column":28},"end":{"line":253,"column":54}},"type":"cond-expr","locations":[{"start":{"line":253,"column":28},"end":{"line":253,"column":48}},{"start":{"line":253,"column":48},"end":{"line":253,"column":54}}]},"44":{"loc":{"start":{"line":253,"column":28},"end":{"line":253,"column":48}},"type":"binary-expr","locations":[{"start":{"line":253,"column":28},"end":{"line":253,"column":48}},{"start":{"line":253,"column":28},"end":{"line":253,"column":48}}]}},"s":{"0":0,"1":0,"2":0,"3":0,"4":0,"5":0,"6":0,"7":0,"8":0,"9":0,"10":0,"11":0,"12":0,"13":0,"14":0,"15":0,"16":0,"17":0,"18":0,"19":0,"20":0,"21":0,"22":0,"23":0,"24":0,"25":0,"26":0,"27":0,"28":0,"29":0,"30":0,"31":0,"32":0,"33":0,"34":0,"35":0,"36":0,"37":0,"38":0,"39":0,"40":0,"41":0,"42":0,"43":0,"44":0,"45":0,"46":0,"47":0,"48":0,"49":0,"50":0,"51":0,"52":0,"53":0,"54":0,"55":0,"56":0,"57":0,"58":0,"59":0,"60":0,"61":0,"62":0,"63":0,"64":0,"65":0,"66":0,"67":0,"68":0,"69":0,"70":0,"71":0,"72":0,"73":0},"f":{"0":0,"1":0,"2":0,"3":0,"4":0,"5":0,"6":0,"7":0,"8":0,"9":0,"10":0,"11":0,"12":0,"13":0,"14":0,"15":0,"16":0,"17":0,"18":0,"19":0,"20":0,"21":0,"22":0,"23":0},"b":{"0":[0,0],"1":[0,0],"2":[0,0],"3":[0,0],"4":[0],"5":[0],"6":[0,0],"7":[0,0],"8":[0,0],"9":[0],"10":[0,0],"11":[0,0],"12":[0],"13":[0],"14":[0],"15":[0,0],"16":[0,0],"17":[0,0],"18":[0,0],"19":[0,0],"20":[0,0],"21":[0,0],"22":[0,0],"23":[0,0],"24":[0,0],"25":[0,0],"26":[0],"27":[0,0],"28":[0,0],"29":[0,0],"30":[0,0],"31":[0,0],"32":[0,0],"33":[0],"34":[0,0],"35":[0,0],"36":[0,0],"37":[0,0],"38":[0,0],"39":[0,0],"40":[0,0],"41":[0,0],"42":[0,0],"43":[0,0],"44":[0,0]}}
,"/Users/larslemos/Documents/DEVELOPMENT/openmrs-esm-ohri/packages/esm-commons-lib/src/components/encounter-list/multiple-encounter-list.component.tsx": {"path":"/Users/larslemos/Documents/DEVELOPMENT/openmrs-esm-ohri/packages/esm-commons-lib/src/components/encounter-list/multiple-encounter-list.component.tsx","statementMap":{"0":{"start":{"line":34,"column":2},"end":{"line":34,"column":null}},"1":{"start":{"line":37,"column":75},"end":{"line":184,"column":2}},"2":{"start":{"line":44,"column":16},"end":{"line":44,"column":null}},"3":{"start":{"line":45,"column":32},"end":{"line":45,"column":null}},"4":{"start":{"line":46,"column":36},"end":{"line":46,"column":null}},"5":{"start":{"line":47,"column":36},"end":{"line":47,"column":null}},"6":{"start":{"line":48,"column":32},"end":{"line":48,"column":null}},"7":{"start":{"line":50,"column":26},"end":{"line":50,"column":null}},"8":{"start":{"line":51,"column":34},"end":{"line":51,"column":null}},"9":{"start":{"line":52,"column":52},"end":{"line":52,"column":null}},"10":{"start":{"line":53,"column":44},"end":{"line":53,"column":null}},"11":{"start":{"line":54,"column":18},"end":{"line":61,"column":null}},"12":{"start":{"line":55,"column":4},"end":{"line":59,"column":5}},"13":{"start":{"line":56,"column":6},"end":{"line":58,"column":null}},"14":{"start":{"line":57,"column":8},"end":{"line":57,"column":null}},"15":{"start":{"line":60,"column":4},"end":{"line":60,"column":null}},"16":{"start":{"line":63,"column":19},"end":{"line":95,"column":null}},"17":{"start":{"line":65,"column":62},"end":{"line":65,"column":null}},"18":{"start":{"line":67,"column":6},"end":{"line":67,"column":null}},"19":{"start":{"line":68,"column":32},"end":{"line":71,"column":null}},"20":{"start":{"line":69,"column":22},"end":{"line":69,"column":77}},"21":{"start":{"line":70,"column":8},"end":{"line":70,"column":null}},"22":{"start":{"line":72,"column":6},"end":{"line":93,"column":null}},"23":{"start":{"line":73,"column":8},"end":{"line":82,"column":null}},"24":{"start":{"line":74,"column":10},"end":{"line":81,"column":11}},"25":{"start":{"line":75,"column":37},"end":{"line":78,"column":null}},"26":{"start":{"line":77,"column":16},"end":{"line":78,"column":null}},"27":{"start":{"line":80,"column":12},"end":{"line":80,"column":null}},"28":{"start":{"line":83,"column":23},"end":{"line":83,"column":27}},"29":{"start":{"line":84,"column":33},"end":{"line":84,"column":null}},"30":{"start":{"line":85,"column":8},"end":{"line":89,"column":null}},"31":{"start":{"line":86,"column":10},"end":{"line":88,"column":11}},"32":{"start":{"line":87,"column":12},"end":{"line":87,"column":null}},"33":{"start":{"line":90,"column":8},"end":{"line":90,"column":null}},"34":{"start":{"line":91,"column":8},"end":{"line":91,"column":null}},"35":{"start":{"line":92,"column":8},"end":{"line":92,"column":null}},"36":{"start":{"line":98,"column":2},"end":{"line":137,"column":null}},"37":{"start":{"line":99,"column":4},"end":{"line":136,"column":5}},"38":{"start":{"line":100,"column":33},"end":{"line":100,"column":65}},"39":{"start":{"line":101,"column":25},"end":{"line":101,"column":null}},"40":{"start":{"line":101,"column":78},"end":{"line":101,"column":null}},"41":{"start":{"line":102,"column":38},"end":{"line":110,"column":null}},"42":{"start":{"line":103,"column":33},"end":{"line":103,"column":null}},"43":{"start":{"line":104,"column":8},"end":{"line":104,"column":null}},"44":{"start":{"line":105,"column":8},"end":{"line":108,"column":null}},"45":{"start":{"line":106,"column":34},"end":{"line":106,"column":53}},"46":{"start":{"line":107,"column":10},"end":{"line":107,"column":null}},"47":{"start":{"line":109,"column":8},"end":{"line":109,"column":null}},"48":{"start":{"line":111,"column":19},"end":{"line":133,"column":null}},"49":{"start":{"line":112,"column":20},"end":{"line":112,"column":null}},"50":{"start":{"line":113,"column":8},"end":{"line":131,"column":null}},"51":{"start":{"line":114,"column":20},"end":{"line":114,"column":null}},"52":{"start":{"line":115,"column":10},"end":{"line":129,"column":11}},"53":{"start":{"line":116,"column":12},"end":{"line":126,"column":null}},"54":{"start":{"line":119,"column":18},"end":{"line":119,"column":null}},"55":{"start":{"line":120,"column":18},"end":{"line":124,"column":19}},"56":{"start":{"line":121,"column":20},"end":{"line":121,"column":null}},"57":{"start":{"line":123,"column":20},"end":{"line":123,"column":null}},"58":{"start":{"line":130,"column":10},"end":{"line":130,"column":null}},"59":{"start":{"line":132,"column":8},"end":{"line":132,"column":null}},"60":{"start":{"line":134,"column":6},"end":{"line":134,"column":null}},"61":{"start":{"line":135,"column":6},"end":{"line":135,"column":null}},"62":{"start":{"line":139,"column":22},"end":{"line":148,"column":null}},"63":{"start":{"line":140,"column":22},"end":{"line":140,"column":24}},"64":{"start":{"line":142,"column":4},"end":{"line":146,"column":null}},"65":{"start":{"line":142,"column":17},"end":{"line":142,"column":24}},"66":{"start":{"line":143,"column":6},"end":{"line":145,"column":7}},"67":{"start":{"line":144,"column":8},"end":{"line":144,"column":null}},"68":{"start":{"line":147,"column":4},"end":{"line":147,"column":null}},"69":{"start":{"line":150,"column":2},"end":{"line":152,"column":null}},"70":{"start":{"line":151,"column":4},"end":{"line":151,"column":null}},"71":{"start":{"line":154,"column":2},"end":{"line":181,"column":null}},"72":{"start":{"line":171,"column":34},"end":{"line":171,"column":null}},"73":{"start":{"line":172,"column":16},"end":{"line":172,"column":null}},"74":{"start":{"line":173,"column":16},"end":{"line":173,"column":null}},"75":{"start":{"line":174,"column":16},"end":{"line":174,"column":null}}},"fnMap":{"0":{"name":"getObsFromMultipleEncounters","decl":{"start":{"line":27,"column":16},"end":{"line":27,"column":null}},"loc":{"start":{"line":33,"column":2},"end":{"line":35,"column":1}}},"1":{"name":"(anonymous_1)","decl":{"start":{"line":37,"column":75},"end":{"line":37,"column":76}},"loc":{"start":{"line":43,"column":6},"end":{"line":184,"column":2}}},"2":{"name":"(anonymous_2)","decl":{"start":{"line":54,"column":26},"end":{"line":54,"column":32}},"loc":{"start":{"line":54,"column":32},"end":{"line":61,"column":5}}},"3":{"name":"(anonymous_3)","decl":{"start":{"line":56,"column":25},"end":{"line":56,"column":26}},"loc":{"start":{"line":56,"column":37},"end":{"line":58,"column":null}}},"4":{"name":"(anonymous_4)","decl":{"start":{"line":64,"column":4},"end":{"line":64,"column":5}},"loc":{"start":{"line":64,"column":24},"end":{"line":94,"column":null}}},"5":{"name":"(anonymous_5)","decl":{"start":{"line":68,"column":51},"end":{"line":68,"column":52}},"loc":{"start":{"line":68,"column":70},"end":{"line":71,"column":null}}},"6":{"name":"(anonymous_6)","decl":{"start":{"line":72,"column":42},"end":{"line":72,"column":43}},"loc":{"start":{"line":72,"column":54},"end":{"line":93,"column":null}}},"7":{"name":"(anonymous_7)","decl":{"start":{"line":73,"column":23},"end":{"line":73,"column":24}},"loc":{"start":{"line":73,"column":37},"end":{"line":82,"column":null}}},"8":{"name":"(anonymous_8)","decl":{"start":{"line":76,"column":14},"end":{"line":76,"column":15}},"loc":{"start":{"line":77,"column":16},"end":{"line":78,"column":null}}},"9":{"name":"(anonymous_9)","decl":{"start":{"line":85,"column":52},"end":{"line":85,"column":53}},"loc":{"start":{"line":85,"column":70},"end":{"line":89,"column":null}}},"10":{"name":"(anonymous_10)","decl":{"start":{"line":98,"column":12},"end":{"line":98,"column":18}},"loc":{"start":{"line":98,"column":18},"end":{"line":137,"column":5}}},"11":{"name":"(anonymous_11)","decl":{"start":{"line":101,"column":59},"end":{"line":101,"column":60}},"loc":{"start":{"line":101,"column":78},"end":{"line":101,"column":null}}},"12":{"name":"(anonymous_12)","decl":{"start":{"line":102,"column":61},"end":{"line":102,"column":62}},"loc":{"start":{"line":102,"column":83},"end":{"line":110,"column":null}}},"13":{"name":"(anonymous_13)","decl":{"start":{"line":105,"column":27},"end":{"line":105,"column":28}},"loc":{"start":{"line":105,"column":37},"end":{"line":108,"column":null}}},"14":{"name":"(anonymous_14)","decl":{"start":{"line":111,"column":40},"end":{"line":111,"column":41}},"loc":{"start":{"line":111,"column":59},"end":{"line":133,"column":null}}},"15":{"name":"(anonymous_15)","decl":{"start":{"line":113,"column":24},"end":{"line":113,"column":25}},"loc":{"start":{"line":113,"column":36},"end":{"line":131,"column":null}}},"16":{"name":"(anonymous_16)","decl":{"start":{"line":118,"column":25},"end":{"line":118,"column":26}},"loc":{"start":{"line":118,"column":32},"end":{"line":125,"column":null}}},"17":{"name":"(anonymous_17)","decl":{"start":{"line":139,"column":22},"end":{"line":139,"column":23}},"loc":{"start":{"line":139,"column":57},"end":{"line":148,"column":null}}},"18":{"name":"(anonymous_18)","decl":{"start":{"line":150,"column":12},"end":{"line":150,"column":18}},"loc":{"start":{"line":150,"column":18},"end":{"line":152,"column":5}}},"19":{"name":"(anonymous_19)","decl":{"start":{"line":170,"column":24},"end":{"line":170,"column":25}},"loc":{"start":{"line":170,"column":48},"end":{"line":175,"column":null}}}},"branchMap":{"0":{"loc":{"start":{"line":55,"column":4},"end":{"line":59,"column":5}},"type":"if","locations":[{"start":{"line":55,"column":4},"end":{"line":59,"column":5}}]},"1":{"loc":{"start":{"line":74,"column":10},"end":{"line":81,"column":11}},"type":"if","locations":[{"start":{"line":74,"column":10},"end":{"line":81,"column":11}}]},"2":{"loc":{"start":{"line":74,"column":14},"end":{"line":74,"column":33}},"type":"cond-expr","locations":[{"start":{"line":74,"column":14},"end":{"line":74,"column":19}},{"start":{"line":74,"column":14},"end":{"line":74,"column":33}}]},"3":{"loc":{"start":{"line":74,"column":14},"end":{"line":74,"column":19}},"type":"binary-expr","locations":[{"start":{"line":74,"column":14},"end":{"line":74,"column":28}},{"start":{"line":74,"column":14},"end":{"line":74,"column":19}}]},"4":{"loc":{"start":{"line":86,"column":10},"end":{"line":88,"column":11}},"type":"if","locations":[{"start":{"line":86,"column":10},"end":{"line":88,"column":11}}]},"5":{"loc":{"start":{"line":99,"column":4},"end":{"line":136,"column":5}},"type":"if","locations":[{"start":{"line":99,"column":4},"end":{"line":136,"column":5}}]},"6":{"loc":{"start":{"line":99,"column":8},"end":{"line":99,"column":44}},"type":"binary-expr","locations":[{"start":{"line":99,"column":8},"end":{"line":99,"column":29}},{"start":{"line":99,"column":29},"end":{"line":99,"column":44}}]},"7":{"loc":{"start":{"line":115,"column":10},"end":{"line":129,"column":11}},"type":"if","locations":[{"start":{"line":115,"column":10},"end":{"line":129,"column":11}}]},"8":{"loc":{"start":{"line":120,"column":18},"end":{"line":124,"column":19}},"type":"if","locations":[{"start":{"line":120,"column":18},"end":{"line":124,"column":19}},{"start":{"line":122,"column":25},"end":{"line":124,"column":19}}]},"9":{"loc":{"start":{"line":123,"column":20},"end":{"line":123,"column":null}},"type":"binary-expr","locations":[{"start":{"line":123,"column":20},"end":{"line":123,"column":38}},{"start":{"line":123,"column":43},"end":{"line":123,"column":null}}]},"10":{"loc":{"start":{"line":123,"column":20},"end":{"line":123,"column":38}},"type":"cond-expr","locations":[{"start":{"line":123,"column":20},"end":{"line":123,"column":27}},{"start":{"line":123,"column":20},"end":{"line":123,"column":38}}]},"11":{"loc":{"start":{"line":123,"column":20},"end":{"line":123,"column":27}},"type":"binary-expr","locations":[{"start":{"line":123,"column":20},"end":{"line":123,"column":33}},{"start":{"line":123,"column":20},"end":{"line":123,"column":27}}]},"12":{"loc":{"start":{"line":143,"column":6},"end":{"line":145,"column":7}},"type":"if","locations":[{"start":{"line":143,"column":6},"end":{"line":145,"column":7}}]},"13":{"loc":{"start":{"line":156,"column":7},"end":{"line":181,"column":null}},"type":"cond-expr","locations":[{"start":{"line":157,"column":8},"end":{"line":158,"column":18}},{"start":{"line":158,"column":10},"end":{"line":181,"column":null}}]},"14":{"loc":{"start":{"line":158,"column":10},"end":{"line":181,"column":null}},"type":"cond-expr","locations":[{"start":{"line":159,"column":8},"end":{"line":180,"column":9}},{"start":{"line":180,"column":8},"end":{"line":181,"column":null}}]}},"s":{"0":0,"1":0,"2":0,"3":0,"4":0,"5":0,"6":0,"7":0,"8":0,"9":0,"10":0,"11":0,"12":0,"13":0,"14":0,"15":0,"16":0,"17":0,"18":0,"19":0,"20":0,"21":0,"22":0,"23":0,"24":0,"25":0,"26":0,"27":0,"28":0,"29":0,"30":0,"31":0,"32":0,"33":0,"34":0,"35":0,"36":0,"37":0,"38":0,"39":0,"40":0,"41":0,"42":0,"43":0,"44":0,"45":0,"46":0,"47":0,"48":0,"49":0,"50":0,"51":0,"52":0,"53":0,"54":0,"55":0,"56":0,"57":0,"58":0,"59":0,"60":0,"61":0,"62":0,"63":0,"64":0,"65":0,"66":0,"67":0,"68":0,"69":0,"70":0,"71":0,"72":0,"73":0,"74":0,"75":0},"f":{"0":0,"1":0,"2":0,"3":0,"4":0,"5":0,"6":0,"7":0,"8":0,"9":0,"10":0,"11":0,"12":0,"13":0,"14":0,"15":0,"16":0,"17":0,"18":0,"19":0},"b":{"0":[0],"1":[0],"2":[0,0],"3":[0,0],"4":[0],"5":[0],"6":[0,0],"7":[0],"8":[0,0],"9":[0,0],"10":[0,0],"11":[0,0],"12":[0],"13":[0,0],"14":[0,0]}}
,"/Users/larslemos/Documents/DEVELOPMENT/openmrs-esm-ohri/packages/esm-commons-lib/src/components/encounter-tile/encounter-tile.component.tsx": {"path":"/Users/larslemos/Documents/DEVELOPMENT/openmrs-esm-ohri/packages/esm-commons-lib/src/components/encounter-tile/encounter-tile.component.tsx","statementMap":{"0":{"start":{"line":23,"column":59},"end":{"line":84,"column":2}},"1":{"start":{"line":24,"column":44},"end":{"line":24,"column":null}},"2":{"start":{"line":25,"column":36},"end":{"line":25,"column":null}},"3":{"start":{"line":27,"column":2},"end":{"line":34,"column":null}},"4":{"start":{"line":28,"column":4},"end":{"line":33,"column":null}},"5":{"start":{"line":29,"column":28},"end":{"line":29,"column":null}},"6":{"start":{"line":30,"column":6},"end":{"line":32,"column":null}},"7":{"start":{"line":31,"column":8},"end":{"line":31,"column":null}},"8":{"start":{"line":37,"column":18},"end":{"line":37,"column":73}},"9":{"start":{"line":38,"column":29},"end":{"line":38,"column":null}},"10":{"start":{"line":39,"column":4},"end":{"line":47,"column":5}},"11":{"start":{"line":40,"column":31},"end":{"line":42,"column":null}},"12":{"start":{"line":42,"column":10},"end":{"line":42,"column":null}},"13":{"start":{"line":44,"column":6},"end":{"line":44,"column":null}},"14":{"start":{"line":45,"column":6},"end":{"line":45,"column":null}},"15":{"start":{"line":46,"column":6},"end":{"line":46,"column":null}},"16":{"start":{"line":48,"column":4},"end":{"line":48,"column":null}},"17":{"start":{"line":51,"column":2},"end":{"line":81,"column":null}},"18":{"start":{"line":63,"column":14},"end":{"line":75,"column":null}}},"fnMap":{"0":{"name":"(anonymous_0)","decl":{"start":{"line":23,"column":59},"end":{"line":23,"column":60}},"loc":{"start":{"line":23,"column":102},"end":{"line":84,"column":2}}},"1":{"name":"(anonymous_1)","decl":{"start":{"line":27,"column":12},"end":{"line":27,"column":18}},"loc":{"start":{"line":27,"column":18},"end":{"line":34,"column":5}}},"2":{"name":"(anonymous_2)","decl":{"start":{"line":28,"column":16},"end":{"line":28,"column":17}},"loc":{"start":{"line":28,"column":28},"end":{"line":33,"column":null}}},"3":{"name":"(anonymous_3)","decl":{"start":{"line":30,"column":25},"end":{"line":30,"column":26}},"loc":{"start":{"line":30,"column":36},"end":{"line":32,"column":null}}},"4":{"name":"fetchPatientLastEncounter","decl":{"start":{"line":36,"column":17},"end":{"line":36,"column":43}},"loc":{"start":{"line":36,"column":66},"end":{"line":49,"column":null}}},"5":{"name":"(anonymous_5)","decl":{"start":{"line":41,"column":8},"end":{"line":41,"column":9}},"loc":{"start":{"line":42,"column":10},"end":{"line":42,"column":null}}},"6":{"name":"(anonymous_6)","decl":{"start":{"line":62,"column":25},"end":{"line":62,"column":26}},"loc":{"start":{"line":63,"column":14},"end":{"line":75,"column":null}}}},"branchMap":{"0":{"loc":{"start":{"line":39,"column":4},"end":{"line":47,"column":5}},"type":"if","locations":[{"start":{"line":39,"column":4},"end":{"line":47,"column":5}}]},"1":{"loc":{"start":{"line":39,"column":8},"end":{"line":39,"column":44}},"type":"cond-expr","locations":[{"start":{"line":39,"column":8},"end":{"line":39,"column":25}},{"start":{"line":39,"column":8},"end":{"line":39,"column":44}}]},"2":{"loc":{"start":{"line":39,"column":8},"end":{"line":39,"column":25}},"type":"binary-expr","locations":[{"start":{"line":39,"column":8},"end":{"line":39,"column":39}},{"start":{"line":39,"column":8},"end":{"line":39,"column":25}}]},"3":{"loc":{"start":{"line":53,"column":7},"end":{"line":75,"column":null}},"type":"cond-expr","locations":[{"start":{"line":54,"column":8},"end":{"line":56,"column":9}},{"start":{"line":56,"column":8},"end":{"line":75,"column":null}}]},"4":{"loc":{"start":{"line":69,"column":19},"end":{"line":74,"column":null}},"type":"cond-expr","locations":[{"start":{"line":70,"column":20},"end":{"line":74,"column":21}},{"start":{"line":74,"column":20},"end":{"line":74,"column":null}}]}},"s":{"0":0,"1":0,"2":0,"3":0,"4":0,"5":0,"6":0,"7":0,"8":0,"9":0,"10":0,"11":0,"12":0,"13":0,"14":0,"15":0,"16":0,"17":0,"18":0},"f":{"0":0,"1":0,"2":0,"3":0,"4":0,"5":0,"6":0},"b":{"0":[0],"1":[0,0],"2":[0,0],"3":[0,0],"4":[0,0]}}
,"/Users/larslemos/Documents/DEVELOPMENT/openmrs-esm-ohri/packages/esm-commons-lib/src/components/error-state/error-state.component.tsx": {"path":"/Users/larslemos/Documents/DEVELOPMENT/openmrs-esm-ohri/packages/esm-commons-lib/src/components/error-state/error-state.component.tsx","statementMap":{"0":{"start":{"line":11,"column":53},"end":{"line":29,"column":2}},"1":{"start":{"line":12,"column":16},"end":{"line":12,"column":null}},"2":{"start":{"line":14,"column":2},"end":{"line":24,"column":null}}},"fnMap":{"0":{"name":"(anonymous_0)","decl":{"start":{"line":11,"column":53},"end":{"line":11,"column":54}},"loc":{"start":{"line":11,"column":81},"end":{"line":29,"column":2}}}},"branchMap":{"0":{"loc":{"start":{"line":18,"column":34},"end":{"line":18,"column":58}},"type":"cond-expr","locations":[{"start":{"line":18,"column":34},"end":{"line":18,"column":41}},{"start":{"line":18,"column":34},"end":{"line":18,"column":58}}]},"1":{"loc":{"start":{"line":18,"column":34},"end":{"line":18,"column":41}},"type":"binary-expr","locations":[{"start":{"line":18,"column":34},"end":{"line":18,"column":41}},{"start":{"line":18,"column":34},"end":{"line":18,"column":41}}]},"2":{"loc":{"start":{"line":18,"column":34},"end":{"line":18,"column":41}},"type":"binary-expr","locations":[{"start":{"line":18,"column":34},"end":{"line":18,"column":51}},{"start":{"line":18,"column":34},"end":{"line":18,"column":41}}]},"3":{"loc":{"start":{"line":19,"column":9},"end":{"line":19,"column":null}},"type":"cond-expr","locations":[{"start":{"line":19,"column":9},"end":{"line":19,"column":16}},{"start":{"line":19,"column":9},"end":{"line":19,"column":null}}]},"4":{"loc":{"start":{"line":19,"column":9},"end":{"line":19,"column":16}},"type":"binary-expr","locations":[{"start":{"line":19,"column":9},"end":{"line":19,"column":16}},{"start":{"line":19,"column":9},"end":{"line":19,"column":16}}]},"5":{"loc":{"start":{"line":19,"column":9},"end":{"line":19,"column":16}},"type":"binary-expr","locations":[{"start":{"line":19,"column":9},"end":{"line":19,"column":26}},{"start":{"line":19,"column":9},"end":{"line":19,"column":16}}]}},"s":{"0":0,"1":0,"2":0},"f":{"0":0},"b":{"0":[0,0],"1":[0,0],"2":[0,0],"3":[0,0],"4":[0,0],"5":[0,0]}}
,"/Users/larslemos/Documents/DEVELOPMENT/openmrs-esm-ohri/packages/esm-commons-lib/src/components/expandable-list-widget/expandable-list.component.tsx": {"path":"/Users/larslemos/Documents/DEVELOPMENT/openmrs-esm-ohri/packages/esm-commons-lib/src/components/expandable-list-widget/expandable-list.component.tsx","statementMap":{"0":{"start":{"line":41,"column":61},"end":{"line":94,"column":2}},"1":{"start":{"line":51,"column":16},"end":{"line":51,"column":null}},"2":{"start":{"line":52,"column":36},"end":{"line":52,"column":null}},"3":{"start":{"line":53,"column":32},"end":{"line":53,"column":null}},"4":{"start":{"line":54,"column":26},"end":{"line":54,"column":null}},"5":{"start":{"line":55,"column":34},"end":{"line":55,"column":null}},"6":{"start":{"line":57,"column":2},"end":{"line":83,"column":null}},"7":{"start":{"line":61,"column":10},"end":{"line":83,"column":null}},"8":{"start":{"line":67,"column":20},"end":{"line":68,"column":null}},"9":{"start":{"line":75,"column":18},"end":{"line":83,"column":null}},"10":{"start":{"line":78,"column":24},"end":{"line":78,"column":null}}},"fnMap":{"0":{"name":"(anonymous_2)","decl":{"start":{"line":41,"column":61},"end":{"line":41,"column":62}},"loc":{"start":{"line":50,"column":6},"end":{"line":94,"column":2}}},"1":{"name":"(anonymous_3)","decl":{"start":{"line":60,"column":9},"end":{"line":60,"column":10}},"loc":{"start":{"line":61,"column":10},"end":{"line":83,"column":null}}},"2":{"name":"(anonymous_4)","decl":{"start":{"line":66,"column":31},"end":{"line":66,"column":32}},"loc":{"start":{"line":67,"column":20},"end":{"line":68,"column":null}}},"3":{"name":"(anonymous_5)","decl":{"start":{"line":74,"column":26},"end":{"line":74,"column":27}},"loc":{"start":{"line":75,"column":18},"end":{"line":83,"column":null}}},"4":{"name":"(anonymous_6)","decl":{"start":{"line":77,"column":37},"end":{"line":77,"column":38}},"loc":{"start":{"line":78,"column":24},"end":{"line":78,"column":null}}}},"branchMap":{"0":{"loc":{"start":{"line":46,"column":2},"end":{"line":46,"column":22}},"type":"default-arg","locations":[{"start":{"line":46,"column":17},"end":{"line":46,"column":22}}]},"1":{"loc":{"start":{"line":49,"column":2},"end":{"line":49,"column":19}},"type":"default-arg","locations":[{"start":{"line":49,"column":14},"end":{"line":49,"column":19}}]}},"s":{"0":0,"1":0,"2":0,"3":0,"4":0,"5":0,"6":0,"7":0,"8":0,"9":0,"10":0},"f":{"0":0,"1":0,"2":0,"3":0,"4":0},"b":{"0":[0],"1":[0]}}
,"/Users/larslemos/Documents/DEVELOPMENT/openmrs-esm-ohri/packages/esm-commons-lib/src/components/identifier-generator/identifier-generator.component.tsx": {"path":"/Users/larslemos/Documents/DEVELOPMENT/openmrs-esm-ohri/packages/esm-commons-lib/src/components/identifier-generator/identifier-generator.component.tsx","statementMap":{"0":{"start":{"line":5,"column":45},"end":{"line":20,"column":2}},"1":{"start":{"line":6,"column":21},"end":{"line":6,"column":null}}},"fnMap":{"0":{"name":"(anonymous_0)","decl":{"start":{"line":5,"column":45},"end":{"line":5,"column":51}},"loc":{"start":{"line":5,"column":51},"end":{"line":20,"column":2}}},"1":{"name":"(anonymous_1)","decl":{"start":{"line":6,"column":21},"end":{"line":6,"column":27}},"loc":{"start":{"line":6,"column":27},"end":{"line":6,"column":null}}}},"branchMap":{},"s":{"0":0,"1":0},"f":{"0":0,"1":0},"b":{}}
,"/Users/larslemos/Documents/DEVELOPMENT/openmrs-esm-ohri/packages/esm-commons-lib/src/components/lazy-cell/lazy-cell.component.tsx": {"path":"/Users/larslemos/Documents/DEVELOPMENT/openmrs-esm-ohri/packages/esm-commons-lib/src/components/lazy-cell/lazy-cell.component.tsx","statementMap":{"0":{"start":{"line":4,"column":28},"end":{"line":4,"column":null}},"1":{"start":{"line":6,"column":2},"end":{"line":8,"column":null}},"2":{"start":{"line":7,"column":4},"end":{"line":7,"column":null}},"3":{"start":{"line":7,"column":47},"end":{"line":7,"column":null}},"4":{"start":{"line":10,"column":2},"end":{"line":10,"column":null}}},"fnMap":{"0":{"name":"LazyCell","decl":{"start":{"line":3,"column":16},"end":{"line":3,"column":25}},"loc":{"start":{"line":3,"column":40},"end":{"line":11,"column":1}}},"1":{"name":"(anonymous_1)","decl":{"start":{"line":6,"column":12},"end":{"line":6,"column":18}},"loc":{"start":{"line":6,"column":18},"end":{"line":8,"column":5}}},"2":{"name":"(anonymous_2)","decl":{"start":{"line":7,"column":36},"end":{"line":7,"column":37}},"loc":{"start":{"line":7,"column":47},"end":{"line":7,"column":null}}}},"branchMap":{},"s":{"0":0,"1":0,"2":0,"3":0,"4":0},"f":{"0":0,"1":0,"2":0},"b":{}}
,"/Users/larslemos/Documents/DEVELOPMENT/openmrs-esm-ohri/packages/esm-commons-lib/src/components/loading/loading.component.tsx": {"path":"/Users/larslemos/Documents/DEVELOPMENT/openmrs-esm-ohri/packages/esm-commons-lib/src/components/loading/loading.component.tsx","statementMap":{"0":{"start":{"line":7,"column":37},"end":{"line":14,"column":2}},"1":{"start":{"line":8,"column":16},"end":{"line":8,"column":null}}},"fnMap":{"0":{"name":"(anonymous_0)","decl":{"start":{"line":7,"column":37},"end":{"line":7,"column":38}},"loc":{"start":{"line":7,"column":45},"end":{"line":14,"column":2}}}},"branchMap":{},"s":{"0":0,"1":0},"f":{"0":0},"b":{}}
,"/Users/larslemos/Documents/DEVELOPMENT/openmrs-esm-ohri/packages/esm-commons-lib/src/components/modals/add-patient-to-list-modal.component.tsx": {"path":"/Users/larslemos/Documents/DEVELOPMENT/openmrs-esm-ohri/packages/esm-commons-lib/src/components/modals/add-patient-to-list-modal.component.tsx","statementMap":{"0":{"start":{"line":12,"column":5},"end":{"line":47,"column":2}},"1":{"start":{"line":13,"column":22},"end":{"line":13,"column":null}},"2":{"start":{"line":14,"column":30},"end":{"line":14,"column":null}},"3":{"start":{"line":15,"column":16},"end":{"line":15,"column":null}},"4":{"start":{"line":16,"column":25},"end":{"line":18,"column":null}},"5":{"start":{"line":17,"column":4},"end":{"line":17,"column":null}},"6":{"start":{"line":20,"column":2},"end":{"line":41,"column":null}},"7":{"start":{"line":25,"column":23},"end":{"line":25,"column":null}},"8":{"start":{"line":36,"column":25},"end":{"line":36,"column":null}},"9":{"start":{"line":56,"column":5},"end":{"line":191,"column":2}},"10":{"start":{"line":57,"column":32},"end":{"line":57,"column":null}},"11":{"start":{"line":58,"column":66},"end":{"line":58,"column":null}},"12":{"start":{"line":59,"column":54},"end":{"line":59,"column":null}},"13":{"start":{"line":60,"column":36},"end":{"line":60,"column":null}},"14":{"start":{"line":61,"column":42},"end":{"line":61,"column":null}},"15":{"start":{"line":62,"column":42},"end":{"line":62,"column":null}},"16":{"start":{"line":63,"column":16},"end":{"line":63,"column":null}},"17":{"start":{"line":65,"column":2},"end":{"line":81,"column":null}},"18":{"start":{"line":66,"column":4},"end":{"line":79,"column":null}},"19":{"start":{"line":69,"column":30},"end":{"line":70,"column":null}},"20":{"start":{"line":70,"column":22},"end":{"line":70,"column":null}},"21":{"start":{"line":70,"column":69},"end":{"line":70,"column":106}},"22":{"start":{"line":72,"column":8},"end":{"line":74,"column":9}},"23":{"start":{"line":73,"column":10},"end":{"line":73,"column":null}},"24":{"start":{"line":73,"column":63},"end":{"line":73,"column":null}},"25":{"start":{"line":75,"column":8},"end":{"line":75,"column":null}},"26":{"start":{"line":76,"column":8},"end":{"line":76,"column":null}},"27":{"start":{"line":77,"column":8},"end":{"line":77,"column":null}},"28":{"start":{"line":77,"column":81},"end":{"line":77,"column":98}},"29":{"start":{"line":78,"column":8},"end":{"line":78,"column":null}},"30":{"start":{"line":83,"column":25},"end":{"line":89,"column":null}},"31":{"start":{"line":88,"column":4},"end":{"line":88,"column":null}},"32":{"start":{"line":91,"column":17},"end":{"line":98,"column":null}},"33":{"start":{"line":100,"column":33},"end":{"line":115,"column":null}},"34":{"start":{"line":101,"column":4},"end":{"line":109,"column":5}},"35":{"start":{"line":102,"column":6},"end":{"line":105,"column":null}},"36":{"start":{"line":105,"column":12},"end":{"line":105,"column":null}},"37":{"start":{"line":110,"column":4},"end":{"line":112,"column":null}},"38":{"start":{"line":117,"column":23},"end":{"line":152,"column":null}},"39":{"start":{"line":118,"column":4},"end":{"line":118,"column":null}},"40":{"start":{"line":119,"column":4},"end":{"line":151,"column":5}},"41":{"start":{"line":123,"column":6},"end":{"line":134,"column":null}},"42":{"start":{"line":123,"column":57},"end":{"line":123,"column":null}},"43":{"start":{"line":125,"column":10},"end":{"line":129,"column":null}},"44":{"start":{"line":130,"column":10},"end":{"line":130,"column":null}},"45":{"start":{"line":133,"column":10},"end":{"line":133,"column":null}},"46":{"start":{"line":136,"column":6},"end":{"line":150,"column":null}},"47":{"start":{"line":137,"column":8},"end":{"line":149,"column":9}},"48":{"start":{"line":138,"column":10},"end":{"line":145,"column":null}},"49":{"start":{"line":146,"column":10},"end":{"line":146,"column":null}},"50":{"start":{"line":148,"column":10},"end":{"line":148,"column":null}},"51":{"start":{"line":153,"column":2},"end":{"line":186,"column":null}},"52":{"start":{"line":183,"column":38},"end":{"line":183,"column":null}}},"fnMap":{"0":{"name":"(anonymous_0)","decl":{"start":{"line":12,"column":5},"end":{"line":12,"column":6}},"loc":{"start":{"line":12,"column":55},"end":{"line":47,"column":2}}},"1":{"name":"(anonymous_1)","decl":{"start":{"line":16,"column":33},"end":{"line":16,"column":39}},"loc":{"start":{"line":16,"column":39},"end":{"line":18,"column":5}}},"2":{"name":"(anonymous_2)","decl":{"start":{"line":25,"column":17},"end":{"line":25,"column":23}},"loc":{"start":{"line":25,"column":23},"end":{"line":25,"column":null}}},"3":{"name":"(anonymous_3)","decl":{"start":{"line":36,"column":19},"end":{"line":36,"column":25}},"loc":{"start":{"line":36,"column":25},"end":{"line":36,"column":null}}},"4":{"name":"(anonymous_4)","decl":{"start":{"line":56,"column":5},"end":{"line":56,"column":6}},"loc":{"start":{"line":56,"column":76},"end":{"line":191,"column":2}}},"5":{"name":"(anonymous_5)","decl":{"start":{"line":65,"column":12},"end":{"line":65,"column":18}},"loc":{"start":{"line":65,"column":18},"end":{"line":81,"column":5}}},"6":{"name":"(anonymous_6)","decl":{"start":{"line":67,"column":6},"end":{"line":67,"column":7}},"loc":{"start":{"line":67,"column":53},"end":{"line":79,"column":null}}},"7":{"name":"(anonymous_7)","decl":{"start":{"line":70,"column":10},"end":{"line":70,"column":11}},"loc":{"start":{"line":70,"column":22},"end":{"line":70,"column":null}}},"8":{"name":"(anonymous_8)","decl":{"start":{"line":70,"column":53},"end":{"line":70,"column":54}},"loc":{"start":{"line":70,"column":69},"end":{"line":70,"column":106}}},"9":{"name":"(anonymous_9)","decl":{"start":{"line":73,"column":51},"end":{"line":73,"column":52}},"loc":{"start":{"line":73,"column":63},"end":{"line":73,"column":null}}},"10":{"name":"(anonymous_10)","decl":{"start":{"line":77,"column":65},"end":{"line":77,"column":66}},"loc":{"start":{"line":77,"column":81},"end":{"line":77,"column":98}}},"11":{"name":"(anonymous_11)","decl":{"start":{"line":83,"column":33},"end":{"line":83,"column":39}},"loc":{"start":{"line":83,"column":39},"end":{"line":89,"column":5}}},"12":{"name":"(anonymous_13)","decl":{"start":{"line":91,"column":25},"end":{"line":91,"column":31}},"loc":{"start":{"line":91,"column":31},"end":{"line":98,"column":5}}},"13":{"name":"(anonymous_14)","decl":{"start":{"line":100,"column":41},"end":{"line":100,"column":47}},"loc":{"start":{"line":100,"column":47},"end":{"line":115,"column":5}}},"14":{"name":"(anonymous_15)","decl":{"start":{"line":104,"column":40},"end":{"line":104,"column":41}},"loc":{"start":{"line":105,"column":12},"end":{"line":105,"column":null}}},"15":{"name":"(anonymous_16)","decl":{"start":{"line":117,"column":35},"end":{"line":117,"column":41}},"loc":{"start":{"line":117,"column":41},"end":{"line":152,"column":5}}},"16":{"name":"(anonymous_17)","decl":{"start":{"line":123,"column":41},"end":{"line":123,"column":42}},"loc":{"start":{"line":123,"column":57},"end":{"line":123,"column":null}}},"17":{"name":"(anonymous_18)","decl":{"start":{"line":124,"column":14},"end":{"line":124,"column":15}},"loc":{"start":{"line":124,"column":27},"end":{"line":131,"column":null}}},"18":{"name":"(anonymous_19)","decl":{"start":{"line":132,"column":15},"end":{"line":132,"column":16}},"loc":{"start":{"line":132,"column":26},"end":{"line":134,"column":null}}},"19":{"name":"(anonymous_20)","decl":{"start":{"line":136,"column":57},"end":{"line":136,"column":58}},"loc":{"start":{"line":136,"column":71},"end":{"line":150,"column":null}}},"20":{"name":"(anonymous_21)","decl":{"start":{"
[...]
:80,"column":null}},"32":{"start":{"line":81,"column":18},"end":{"line":81,"column":null}},"33":{"start":{"line":82,"column":18},"end":{"line":82,"column":null}}},"fnMap":{"0":{"name":"(anonymous_0)","decl":{"start":{"line":11,"column":36},"end":{"line":11,"column":37}},"loc":{"start":{"line":11,"column":82},"end":{"line":13,"column":2}}},"1":{"name":"(anonymous_1)","decl":{"start":{"line":12,"column":25},"end":{"line":12,"column":26}},"loc":{"start":{"line":12,"column":38},"end":{"line":12,"column":null}}},"2":{"name":"(anonymous_2)","decl":{"start":{"line":15,"column":54},"end":{"line":15,"column":55}},"loc":{"start":{"line":15,"column":75},"end":{"line":93,"column":null}}},"3":{"name":"(anonymous_3)","decl":{"start":{"line":35,"column":12},"end":{"line":35,"column":18}},"loc":{"start":{"line":35,"column":18},"end":{"line":42,"column":5}}},"4":{"name":"(anonymous_4)","decl":{"start":{"line":37,"column":48},"end":{"line":37,"column":49}},"loc":{"start":{"line":37,"column":62},"end":{"line":41,"column":null}}},"5":{"name":"(anonymous_5)","decl":{"start":{"line":45,"column":4},"end":{"line":45,"column":5}},"loc":{"start":{"line":45,"column":20},"end":{"line":50,"column":null}}},"6":{"name":"(anonymous_6)","decl":{"start":{"line":67,"column":25},"end":{"line":67,"column":26}},"loc":{"start":{"line":67,"column":41},"end":{"line":67,"column":null}}},"7":{"name":"(anonymous_7)","decl":{"start":{"line":78,"column":26},"end":{"line":78,"column":27}},"loc":{"start":{"line":78,"column":50},"end":{"line":83,"column":null}}}},"branchMap":{"0":{"loc":{"start":{"line":56,"column":7},"end":{"line":90,"column":null}},"type":"cond-expr","locations":[{"start":{"line":57,"column":8},"end":{"line":58,"column":18}},{"start":{"line":58,"column":10},"end":{"line":90,"column":null}}]},"1":{"loc":{"start":{"line":58,"column":10},"end":{"line":90,"column":null}},"type":"cond-expr","locations":[{"start":{"line":59,"column":8},"end":{"line":89,"column":9}},{"start":{"line":89,"column":8},"end":{"line":90,"column":null}}]},"2":{"loc":{"start":{"line":71,"column":59},"end":{"line":71,"column":97}},"type":"cond-expr","locations":[{"start":{"line":71,"column":72},"end":{"line":71,"column":90}},{"start":{"line":71,"column":90},"end":{"line":71,"column":97}}]}},"s":{"0":0,"1":0,"2":0,"3":0,"4":0,"5":0,"6":0,"7":0,"8":0,"9":0,"10":0,"11":0,"12":0,"13":0,"14":0,"15":0,"16":0,"17":0,"18":0,"19":0,"20":0,"21":0,"22":0,"23":0,"24":0,"25":0,"26":0,"27":0,"28":0,"29":0,"30":0,"31":0,"32":0,"33":0},"f":{"0":0,"1":0,"2":0,"3":0,"4":0,"5":0,"6":0,"7":0},"b":{"0":[0,0],"1":[0,0],"2":[0,0]}}
,"/Users/larslemos/Documents/DEVELOPMENT/openmrs-esm-ohri/packages/esm-ohri-pmtct-app/src/views/summary-tabs/antenatal.component.tsx": {"path":"/Users/larslemos/Documents/DEVELOPMENT/openmrs-esm-ohri/packages/esm-ohri-pmtct-app/src/views/summary-tabs/antenatal.component.tsx","statementMap":{"0":{"start":{"line":11,"column":36},"end":{"line":13,"column":2}},"1":{"start":{"line":12,"column":2},"end":{"line":12,"column":null}},"2":{"start":{"line":12,"column":38},"end":{"line":12,"column":null}},"3":{"start":{"line":15,"column":50},"end":{"line":93,"column":null}},"4":{"start":{"line":16,"column":16},"end":{"line":16,"column":null}},"5":{"start":{"line":17,"column":34},"end":{"line":17,"column":null}},"6":{"start":{"line":18,"column":32},"end":{"line":18,"column":null}},"7":{"start":{"line":19,"column":48},"end":{"line":19,"column":null}},"8":{"start":{"line":20,"column":38},"end":{"line":20,"column":null}},"9":{"start":{"line":21,"column":36},"end":{"line":21,"column":null}},"10":{"start":{"line":22,"column":19},"end":{"line":22,"column":null}},"11":{"start":{"line":23,"column":26},"end":{"line":23,"column":null}},"12":{"start":{"line":24,"column":34},"end":{"line":24,"column":null}},"13":{"start":{"line":25,"column":47},"end":{"line":25,"column":null}},"14":{"start":{"line":26,"column":38},"end":{"line":26,"column":null}},"15":{"start":{"line":27,"column":22},"end":{"line":27,"column":null}},"16":{"start":{"line":29,"column":23},"end":{"line":33,"column":null}},"17":{"start":{"line":35,"column":2},"end":{"line":42,"column":null}},"18":{"start":{"line":36,"column":4},"end":{"line":36,"column":null}},"19":{"start":{"line":37,"column":4},"end":{"line":41,"column":null}},"20":{"start":{"line":38,"column":6},"end":{"line":38,"column":null}},"21":{"start":{"line":39,"column":6},"end":{"line":39,"column":null}},"22":{"start":{"line":40,"column":6},"end":{"line":40,"column":null}},"23":{"start":{"line":44,"column":23},"end":{"line":51,"column":null}},"24":{"start":{"line":46,"column":6},"end":{"line":46,"column":null}},"25":{"start":{"line":47,"column":23},"end":{"line":47,"column":null}},"26":{"start":{"line":48,"column":6},"end":{"line":48,"column":null}},"27":{"start":{"line":49,"column":6},"end":{"line":49,"column":null}},"28":{"start":{"line":54,"column":2},"end":{"line":90,"column":null}},"29":{"start":{"line":67,"column":41},"end":{"line":67,"column":null}},"30":{"start":{"line":79,"column":18},"end":{"line":79,"column":null}},"31":{"start":{"line":80,"column":18},"end":{"line":80,"column":null}},"32":{"start":{"line":81,"column":18},"end":{"line":81,"column":null}},"33":{"start":{"line":82,"column":18},"end":{"line":82,"column":null}}},"fnMap":{"0":{"name":"(anonymous_0)","decl":{"start":{"line":11,"column":36},"end":{"line":11,"column":37}},"loc":{"start":{"line":11,"column":82},"end":{"line":13,"column":2}}},"1":{"name":"(anonymous_1)","decl":{"start":{"line":12,"column":25},"end":{"line":12,"column":26}},"loc":{"start":{"line":12,"column":38},"end":{"line":12,"column":null}}},"2":{"name":"(anonymous_2)","decl":{"start":{"line":15,"column":50},"end":{"line":15,"column":51}},"loc":{"start":{"line":15,"column":71},"end":{"line":93,"column":null}}},"3":{"name":"(anonymous_3)","decl":{"start":{"line":35,"column":12},"end":{"line":35,"column":18}},"loc":{"start":{"line":35,"column":18},"end":{"line":42,"column":5}}},"4":{"name":"(anonymous_4)","decl":{"start":{"line":37,"column":48},"end":{"line":37,"column":49}},"loc":{"start":{"line":37,"column":62},"end":{"line":41,"column":null}}},"5":{"name":"(anonymous_5)","decl":{"start":{"line":45,"column":4},"end":{"line":45,"column":5}},"loc":{"start":{"line":45,"column":20},"end":{"line":50,"column":null}}},"6":{"name":"(anonymous_6)","decl":{"start":{"line":67,"column":25},"end":{"line":67,"column":26}},"loc":{"start":{"line":67,"column":41},"end":{"line":67,"column":null}}},"7":{"name":"(anonymous_7)","decl":{"start":{"line":78,"column":26},"end":{"line":78,"column":27}},"loc":{"start":{"line":78,"column":50},"end":{"line":83,"column":null}}}},"branchMap":{"0":{"loc":{"start":{"line":56,"column":7},"end":{"line":90,"column":null}},"type":"cond-expr","locations":[{"start":{"line":57,"column":8},"end":{"line":58,"column":18}},{"start":{"line":58,"column":10},"end":{"line":90,"column":null}}]},"1":{"loc":{"start":{"line":58,"column":10},"end":{"line":90,"column":null}},"type":"cond-expr","locations":[{"start":{"line":59,"column":8},"end":{"line":89,"column":9}},{"start":{"line":89,"column":8},"end":{"line":90,"column":null}}]},"2":{"loc":{"start":{"line":71,"column":59},"end":{"line":71,"column":97}},"type":"cond-expr","locations":[{"start":{"line":71,"column":72},"end":{"line":71,"column":90}},{"start":{"line":71,"column":90},"end":{"line":71,"column":97}}]}},"s":{"0":0,"1":0,"2":0,"3":0,"4":0,"5":0,"6":0,"7":0,"8":0,"9":0,"10":0,"11":0,"12":0,"13":0,"14":0,"15":0,"16":0,"17":0,"18":0,"19":0,"20":0,"21":0,"22":0,"23":0,"24":0,"25":0,"26":0,"27":0,"28":0,"29":0,"30":0,"31":0,"32":0,"33":0},"f":{"0":0,"1":0,"2":0,"3":0,"4":0,"5":0,"6":0,"7":0},"b":{"0":[0,0],"1":[0,0],"2":[0,0]}}
,"/Users/larslemos/Documents/DEVELOPMENT/openmrs-esm-ohri/packages/esm-ohri-pmtct-app/src/views/summary-tabs/delivery.component.tsx": {"path":"/Users/larslemos/Documents/DEVELOPMENT/openmrs-esm-ohri/packages/esm-ohri-pmtct-app/src/views/summary-tabs/delivery.component.tsx","statementMap":{"0":{"start":{"line":11,"column":36},"end":{"line":13,"column":2}},"1":{"start":{"line":12,"column":2},"end":{"line":12,"column":null}},"2":{"start":{"line":12,"column":38},"end":{"line":12,"column":null}},"3":{"start":{"line":15,"column":50},"end":{"line":93,"column":null}},"4":{"start":{"line":16,"column":16},"end":{"line":16,"column":null}},"5":{"start":{"line":17,"column":34},"end":{"line":17,"column":null}},"6":{"start":{"line":18,"column":32},"end":{"line":18,"column":null}},"7":{"start":{"line":19,"column":48},"end":{"line":19,"column":null}},"8":{"start":{"line":20,"column":38},"end":{"line":20,"column":null}},"9":{"start":{"line":21,"column":36},"end":{"line":21,"column":null}},"10":{"start":{"line":22,"column":19},"end":{"line":22,"column":null}},"11":{"start":{"line":23,"column":26},"end":{"line":23,"column":null}},"12":{"start":{"line":24,"column":34},"end":{"line":24,"column":null}},"13":{"start":{"line":25,"column":47},"end":{"line":25,"column":null}},"14":{"start":{"line":26,"column":38},"end":{"line":26,"column":null}},"15":{"start":{"line":27,"column":22},"end":{"line":27,"column":null}},"16":{"start":{"line":29,"column":23},"end":{"line":33,"column":null}},"17":{"start":{"line":35,"column":2},"end":{"line":42,"column":null}},"18":{"start":{"line":36,"column":4},"end":{"line":36,"column":null}},"19":{"start":{"line":37,"column":4},"end":{"line":41,"column":null}},"20":{"start":{"line":38,"column":6},"end":{"line":38,"column":null}},"21":{"start":{"line":39,"column":6},"end":{"line":39,"column":null}},"22":{"start":{"line":40,"column":6},"end":{"line":40,"column":null}},"23":{"start":{"line":44,"column":23},"end":{"line":51,"column":null}},"24":{"start":{"line":46,"column":6},"end":{"line":46,"column":null}},"25":{"start":{"line":47,"column":23},"end":{"line":47,"column":null}},"26":{"start":{"line":48,"column":6},"end":{"line":48,"column":null}},"27":{"start":{"line":49,"column":6},"end":{"line":49,"column":null}},"28":{"start":{"line":54,"column":2},"end":{"line":90,"column":null}},"29":{"start":{"line":67,"column":41},"end":{"line":67,"column":null}},"30":{"start":{"line":79,"column":18},"end":{"line":79,"column":null}},"31":{"start":{"line":80,"column":18},"end":{"line":80,"column":null}},"32":{"start":{"line":81,"column":18},"end":{"line":81,"column":null}},"33":{"start":{"line":82,"column":18},"end":{"line":82,"column":null}}},"fnMap":{"0":{"name":"(anonymous_0)","decl":{"start":{"line":11,"column":36},"end":{"line":11,"column":37}},"loc":{"start":{"line":11,"column":82},"end":{"line":13,"column":2}}},"1":{"name":"(anonymous_1)","decl":{"start":{"line":12,"column":25},"end":{"line":12,"column":26}},"loc":{"start":{"line":12,"column":38},"end":{"line":12,"column":null}}},"2":{"name":"(anonymous_2)","decl":{"start":{"line":15,"column":50},"end":{"line":15,"column":51}},"loc":{"start":{"line":15,"column":71},"end":{"line":93,"column":null}}},"3":{"name":"(anonymous_3)","decl":{"start":{"line":35,"column":12},"end":{"line":35,"column":18}},"loc":{"start":{"line":35,"column":18},"end":{"line":42,"column":5}}},"4":{"name":"(anonymous_4)","decl":{"start":{"line":37,"column":48},"end":{"line":37,"column":49}},"loc":{"start":{"line":37,"column":62},"end":{"line":41,"column":null}}},"5":{"name":"(anonymous_5)","decl":{"start":{"line":45,"column":4},"end":{"line":45,"column":5}},"loc":{"start":{"line":45,"column":20},"end":{"line":50,"column":null}}},"6":{"name":"(anonymous_6)","decl":{"start":{"line":67,"column":25},"end":{"line":67,"column":26}},"loc":{"start":{"line":67,"column":41},"end":{"line":67,"column":null}}},"7":{"name":"(anonymous_7)","decl":{"start":{"line":78,"column":26},"end":{"line":78,"column":27}},"loc":{"start":{"line":78,"column":50},"end":{"line":83,"column":null}}}},"branchMap":{"0":{"loc":{"start":{"line":56,"column":7},"end":{"line":90,"column":null}},"type":"cond-expr","locations":[{"start":{"line":57,"column":8},"end":{"line":58,"column":18}},{"start":{"line":58,"column":10},"end":{"line":90,"column":null}}]},"1":{"loc":{"start":{"line":58,"column":10},"end":{"line":90,"column":null}},"type":"cond-expr","locations":[{"start":{"line":59,"column":8},"end":{"line":89,"column":9}},{"start":{"line":89,"column":8},"end":{"line":90,"column":null}}]},"2":{"loc":{"start":{"line":71,"column":59},"end":{"line":71,"column":97}},"type":"cond-expr","locations":[{"start":{"line":71,"column":72},"end":{"line":71,"column":90}},{"start":{"line":71,"column":90},"end":{"line":71,"column":97}}]}},"s":{"0":0,"1":0,"2":0,"3":0,"4":0,"5":0,"6":0,"7":0,"8":0,"9":0,"10":0,"11":0,"12":0,"13":0,"14":0,"15":0,"16":0,"17":0,"18":0,"19":0,"20":0,"21":0,"22":0,"23":0,"24":0,"25":0,"26":0,"27":0,"28":0,"29":0,"30":0,"31":0,"32":0,"33":0},"f":{"0":0,"1":0,"2":0,"3":0,"4":0,"5":0,"6":0,"7":0},"b":{"0":[0,0],"1":[0,0],"2":[0,0]}}
,"/Users/larslemos/Documents/DEVELOPMENT/openmrs-esm-ohri/packages/esm-ohri-pmtct-app/src/views/summary-tabs/maternal-child-summary-tiles.component.tsx": {"path":"/Users/larslemos/Documents/DEVELOPMENT/openmrs-esm-ohri/packages/esm-ohri-pmtct-app/src/views/summary-tabs/maternal-child-summary-tiles.component.tsx","statementMap":{"0":{"start":{"line":7,"column":16},"end":{"line":7,"column":null}},"1":{"start":{"line":8,"column":54},"end":{"line":8,"column":null}},"2":{"start":{"line":10,"column":2},"end":{"line":14,"column":null}},"3":{"start":{"line":11,"column":4},"end":{"line":13,"column":null}},"4":{"start":{"line":12,"column":6},"end":{"line":12,"column":null}},"5":{"start":{"line":15,"column":16},"end":{"line":34,"column":null}}},"fnMap":{"0":{"name":"MaternalChildSummaryTiles","decl":{"start":{"line":6,"column":9},"end":{"line":6,"column":35}},"loc":{"start":{"line":6,"column":56},"end":{"line":36,"column":null}}},"1":{"name":"(anonymous_1)","decl":{"start":{"line":10,"column":12},"end":{"line":10,"column":18}},"loc":{"start":{"line":10,"column":18},"end":{"line":14,"column":5}}},"2":{"name":"(anonymous_2)","decl":{"start":{"line":11,"column":51},"end":{"line":11,"column":52}},"loc":{"start":{"line":11,"column":61},"end":{"line":13,"column":null}}}},"branchMap":{},"s":{"0":0,"1":0,"2":0,"3":0,"4":0,"5":0},"f":{"0":0,"1":0,"2":0},"b":{}}
,"/Users/larslemos/Documents/DEVELOPMENT/openmrs-esm-ohri/packages/esm-ohri-pmtct-app/src/views/summary-tabs/mother-child-summary-tabs.component.tsx": {"path":"/Users/larslemos/Documents/DEVELOPMENT/openmrs-esm-ohri/packages/esm-ohri-pmtct-app/src/views/summary-tabs/mother-child-summary-tabs.component.tsx","statementMap":{"0":{"start":{"line":14,"column":55},"end":{"line":40,"column":null}},"1":{"start":{"line":15,"column":16},"end":{"line":15,"column":null}}},"fnMap":{"0":{"name":"(anonymous_0)","decl":{"start":{"line":14,"column":55},"end":{"line":14,"column":56}},"loc":{"start":{"line":14,"column":76},"end":{"line":40,"column":null}}}},"branchMap":{},"s":{"0":0,"1":0},"f":{"0":0},"b":{}}
,"/Users/larslemos/Documents/DEVELOPMENT/openmrs-esm-ohri/packages/esm-ohri-pmtct-app/src/views/summary-tabs/postnatal.component.tsx": {"path":"/Users/larslemos/Documents/DEVELOPMENT/openmrs-esm-ohri/packages/esm-ohri-pmtct-app/src/views/summary-tabs/postnatal.component.tsx","statementMap":{"0":{"start":{"line":11,"column":36},"end":{"line":13,"column":2}},"1":{"start":{"line":12,"column":2},"end":{"line":12,"column":null}},"2":{"start":{"line":12,"column":38},"end":{"line":12,"column":null}},"3":{"start":{"line":15,"column":52},"end":{"line":93,"column":null}},"4":{"start":{"line":16,"column":16},"end":{"line":16,"column":null}},"5":{"start":{"line":17,"column":34},"end":{"line":17,"column":null}},"6":{"start":{"line":18,"column":32},"end":{"line":18,"column":null}},"7":{"start":{"line":19,"column":48},"end":{"line":19,"column":null}},"8":{"start":{"line":20,"column":38},"end":{"line":20,"column":null}},"9":{"start":{"line":21,"column":36},"end":{"line":21,"column":null}},"10":{"start":{"line":22,"column":19},"end":{"line":22,"column":null}},"11":{"start":{"line":23,"column":26},"end":{"line":23,"column":null}},"12":{"start":{"line":24,"column":34},"end":{"line":24,"column":null}},"13":{"start":{"line":25,"column":47},"end":{"line":25,"column":null}},"14":{"start":{"line":26,"column":38},"end":{"line":26,"column":null}},"15":{"start":{"line":27,"column":22},"end":{"line":27,"column":null}},"16":{"start":{"line":29,"column":23},"end":{"line":33,"column":null}},"17":{"start":{"line":35,"column":2},"end":{"line":42,"column":null}},"18":{"start":{"line":36,"column":4},"end":{"line":36,"column":null}},"19":{"start":{"line":37,"column":4},"end":{"line":41,"column":null}},"20":{"start":{"line":38,"column":6},"end":{"line":38,"column":null}},"21":{"start":{"line":39,"column":6},"end":{"line":39,"column":null}},"22":{"start":{"line":40,"column":6},"end":{"line":40,"column":null}},"23":{"start":{"line":44,"column":23},"end":{"line":51,"column":null}},"24":{"start":{"line":46,"column":6},"end":{"line":46,"column":null}},"25":{"start":{"line":47,"column":23},"end":{"line":47,"column":null}},"26":{"start":{"line":48,"column":6},"end":{"line":48,"column":null}},"27":{"start":{"line":49,"column":6},"end":{"line":49,"column":null}},"28":{"start":{"line":54,"column":2},"end":{"line":90,"column":null}},"29":{"start":{"line":67,"column":41},"end":{"line":67,"column":null}},"30":{"start":{"line":79,"column":18},"end":{"line":79,"column":null}},"31":{"start":{"line":80,"column":18},"end":{"line":80,"column":null}},"32":{"start":{"line":81,"column":18},"end":{"line":81,"column":null}},"33":{"start":{"line":82,"column":18},"end":{"line":82,"column":null}}},"fnMap":{"0":{"name":"(anonymous_0)","decl":{"start":{"line":11,"column":36},"end":{"line":11,"column":37}},"loc":{"start":{"line":11,"column":82},"end":{"line":13,"column":2}}},"1":{"name":"(anonymous_1)","decl":{"start":{"line":12,"column":25},"end":{"line":12,"column":26}},"loc":{"start":{"line":12,"column":38},"end":{"line":12,"column":null}}},"2":{"name":"(anonymous_2)","decl":{"start":{"line":15,"column":52},"end":{"line":15,"column":53}},"loc":{"start":{"line":15,"column":73},"end":{"line":93,"column":null}}},"3":{"name":"(anonymous_3)","decl":{"start":{"line":35,"column":12},"end":{"line":35,"column":18}},"loc":{"start":{"line":35,"column":18},"end":{"line":42,"column":5}}},"4":{"name":"(anonymous_4)","decl":{"start":{"line":37,"column":48},"end":{"line":37,"column":49}},"loc":{"start":{"line":37,"column":62},"end":{"line":41,"column":null}}},"5":{"name":"(anonymous_5)","decl":{"start":{"line":45,"column":4},"end":{"line":45,"column":5}},"loc":{"start":{"line":45,"column":20},"end":{"line":50,"column":null}}},"6":{"name":"(anonymous_6)","decl":{"start":{"line":67,"column":25},"end":{"line":67,"column":26}},"loc":{"start":{"line":67,"column":41},"end":{"line":67,"column":null}}},"7":{"name":"(anonymous_7)","decl":{"start":{"line":78,"column":26},"end":{"line":78,"column":27}},"loc":{"start":{"line":78,"column":50},"end":{"line":83,"column":null}}}},"branchMap":{"0":{"loc":{"start":{"line":56,"column":7},"end":{"line":90,"column":null}},"type":"cond-expr","locations":[{"start":{"line":57,"column":8},"end":{"line":58,"column":18}},{"start":{"line":58,"column":10},"end":{"line":90,"column":null}}]},"1":{"loc":{"start":{"line":58,"column":10},"end":{"line":90,"column":null}},"type":"cond-expr","locations":[{"start":{"line":59,"column":8},"end":{"line":89,"column":9}},{"start":{"line":89,"column":8},"end":{"line":90,"column":null}}]},"2":{"loc":{"start":{"line":71,"column":59},"end":{"line":71,"column":97}},"type":"cond-expr","locations":[{"start":{"line":71,"column":72},"end":{"line":71,"column":90}},{"start":{"line":71,"column":90},"end":{"line":71,"column":97}}]}},"s":{"0":0,"1":0,"2":0,"3":0,"4":0,"5":0,"6":0,"7":0,"8":0,"9":0,"10":0,"11":0,"12":0,"13":0,"14":0,"15":0,"16":0,"17":0,"18":0,"19":0,"20":0,"21":0,"22":0,"23":0,"24":0,"25":0,"26":0,"27":0,"28":0,"29":0,"30":0,"31":0,"32":0,"33":0},"f":{"0":0,"1":0,"2":0,"3":0,"4":0,"5":0,"6":0,"7":0},"b":{"0":[0,0],"1":[0,0],"2":[0,0]}}
}
