TN:
SF:/Users/sam/openmrs-esm-ohri/src/forms/constants.ts
FNF:0
FNH:0
DA:1,4
DA:2,4
DA:3,4
DA:4,4
LF:4
LH:4
BRF:0
BRH:0
end_of_record
TN:
SF:/Users/sam/openmrs-esm-ohri/src/forms/ohri-form-context.tsx
FNF:0
FNH:0
DA:22,2
LF:1
LH:1
BRF:0
BRH:0
end_of_record
TN:
SF:/Users/sam/openmrs-esm-ohri/src/forms/ohri-form.component.tsx
FN:36,(anonymous_0)
FN:56,(anonymous_1)
FN:67,(anonymous_2)
FN:73,(anonymous_3)
FN:83,(anonymous_4)
FN:89,(anonymous_5)
FN:96,(anonymous_6)
FN:104,(anonymous_7)
FN:109,(anonymous_8)
FN:118,(anonymous_9)
FN:121,(anonymous_10)
FN:129,(anonymous_11)
FN:132,(anonymous_12)
FN:158,(anonymous_13)
FN:162,(anonymous_14)
FNF:15
FNH:0
FNDA:0,(anonymous_0)
FNDA:0,(anonymous_1)
FNDA:0,(anonymous_2)
FNDA:0,(anonymous_3)
FNDA:0,(anonymous_4)
FNDA:0,(anonymous_5)
FNDA:0,(anonymous_6)
FNDA:0,(anonymous_7)
FNDA:0,(anonymous_8)
FNDA:0,(anonymous_9)
FNDA:0,(anonymous_10)
FNDA:0,(anonymous_11)
FNDA:0,(anonymous_12)
FNDA:0,(anonymous_13)
FNDA:0,(anonymous_14)
DA:36,0
DA:45,0
DA:46,0
DA:47,0
DA:48,0
DA:49,0
DA:50,0
DA:51,0
DA:52,0
DA:53,0
DA:54,0
DA:55,0
DA:56,0
DA:57,0
DA:58,0
DA:60,0
DA:62,0
DA:64,0
DA:65,0
DA:66,0
DA:67,0
DA:70,0
DA:73,0
DA:74,0
DA:75,0
DA:77,0
DA:78,0
DA:80,0
DA:83,0
DA:84,0
DA:89,0
DA:97,0
DA:101,0
DA:102,0
DA:104,0
DA:105,0
DA:109,0
DA:110,0
DA:111,0
DA:112,0
DA:114,0
DA:118,0
DA:120,0
DA:121,0
DA:122,0
DA:123,0
DA:124,0
DA:128,0
DA:129,0
DA:130,0
DA:132,0
DA:133,0
DA:134,0
DA:141,0
DA:148,0
DA:153,0
DA:159,0
DA:160,0
DA:163,0
LF:59
LH:0
BRDA:58,0,0,0
BRDA:58,0,1,0
BRDA:58,1,0,0
BRDA:58,1,1,0
BRDA:66,2,0,0
BRDA:66,2,1,0
BRDA:66,3,0,0
BRDA:66,3,1,0
BRDA:66,3,2,0
BRDA:74,4,0,0
BRDA:74,4,1,0
BRDA:77,5,0,0
BRDA:77,5,1,0
BRDA:110,6,0,0
BRDA:110,6,1,0
BRDA:111,7,0,0
BRDA:111,7,1,0
BRDA:123,8,0,0
BRDA:123,8,1,0
BRDA:128,9,0,0
BRDA:128,9,1,0
BRDA:133,10,0,0
BRDA:133,10,1,0
BRDA:164,11,0,0
BRDA:164,11,1,0
BRF:25
BRH:0
end_of_record
TN:
SF:/Users/sam/openmrs-esm-ohri/src/forms/ohri-form.resource.ts
FN:5,saveEncounter
FN:20,getConcept
FN:21,(anonymous_2)
FN:24,getLocationsByTag
FN:26,(anonymous_4)
FNF:5
FNH:2
FNDA:0,saveEncounter
FNDA:1,getConcept
FNDA:1,(anonymous_2)
FNDA:0,getLocationsByTag
FNDA:0,(anonymous_4)
DA:6,0
DA:7,0
DA:8,0
DA:10,0
DA:21,1
DA:25,0
DA:26,0
LF:7
LH:1
BRDA:7,0,0,0
BRDA:7,0,1,0
BRF:2
BRH:0
end_of_record
TN:
SF:/Users/sam/openmrs-esm-ohri/src/forms/types.ts
FNF:0
FNH:0
LF:0
LH:0
BRF:0
BRH:0
end_of_record
TN:
SF:/Users/sam/openmrs-esm-ohri/src/forms/components/encounter/ohri-encounter-form.tsx
FN:42,(anonymous_0)
FN:66,(anonymous_1)
FN:67,(anonymous_2)
FN:72,(anonymous_3)
FN:73,(anonymous_4)
FN:89,(anonymous_5)
FN:95,(anonymous_6)
FN:98,(anonymous_7)
FN:99,(anonymous_8)
FN:100,(anonymous_9)
FN:103,(anonymous_10)
FN:114,(anonymous_11)
FN:132,(anonymous_12)
FN:152,(anonymous_13)
FN:174,(anonymous_14)
FN:186,(anonymous_15)
FN:191,(anonymous_16)
FN:195,(anonymous_17)
FN:198,(anonymous_18)
FN:206,(anonymous_19)
FN:216,(anonymous_20)
FN:218,(anonymous_21)
FN:224,(anonymous_22)
FN:240,(anonymous_23)
FN:253,(anonymous_24)
FN:257,(anonymous_25)
FN:258,(anonymous_26)
FN:259,(anonymous_27)
FN:275,(anonymous_28)
FN:278,(anonymous_29)
FN:279,(anonymous_30)
FN:280,(anonymous_31)
FN:281,(anonymous_32)
FN:294,(anonymous_33)
FN:311,(anonymous_34)
FN:318,(anonymous_35)
FN:351,(anonymous_36)
FN:352,(anonymous_37)
FN:357,(anonymous_38)
FN:358,(anonymous_39)
FN:372,(anonymous_40)
FN:378,(anonymous_41)
FN:379,(anonymous_42)
FN:382,(anonymous_43)
FN:404,(anonymous_44)
FN:413,(anonymous_45)
FNF:46
FNH:0
FNDA:0,(anonymous_0)
FNDA:0,(anonymous_1)
FNDA:0,(anonymous_2)
FNDA:0,(anonymous_3)
FNDA:0,(anonymous_4)
FNDA:0,(anonymous_5)
FNDA:0,(anonymous_6)
FNDA:0,(anonymous_7)
FNDA:0,(anonymous_8)
FNDA:0,(anonymous_9)
FNDA:0,(anonymous_10)
FNDA:0,(anonymous_11)
FNDA:0,(anonymous_12)
FNDA:0,(anonymous_13)
FNDA:0,(anonymous_14)
FNDA:0,(anonymous_15)
FNDA:0,(anonymous_16)
FNDA:0,(anonymous_17)
FNDA:0,(anonymous_18)
FNDA:0,(anonymous_19)
FNDA:0,(anonymous_20)
FNDA:0,(anonymous_21)
FNDA:0,(anonymous_22)
FNDA:0,(anonymous_23)
FNDA:0,(anonymous_24)
FNDA:0,(anonymous_25)
FNDA:0,(anonymous_26)
FNDA:0,(anonymous_27)
FNDA:0,(anonymous_28)
FNDA:0,(anonymous_29)
FNDA:0,(anonymous_30)
FNDA:0,(anonymous_31)
FNDA:0,(anonymous_32)
FNDA:0,(anonymous_33)
FNDA:0,(anonymous_34)
FNDA:0,(anonymous_35)
FNDA:0,(anonymous_36)
FNDA:0,(anonymous_37)
FNDA:0,(anonymous_38)
FNDA:0,(anonymous_39)
FNDA:0,(anonymous_40)
FNDA:0,(anonymous_41)
FNDA:0,(anonymous_42)
FNDA:0,(anonymous_43)
FNDA:0,(anonymous_44)
FNDA:0,(anonymous_45)
DA:42,0
DA:59,0
DA:60,0
DA:61,0
DA:62,0
DA:63,0
DA:64,0
DA:66,0
DA:67,0
DA:68,0
DA:69,0
DA:72,0
DA:73,0
DA:74,0
DA:75,0
DA:81,0
DA:89,0
DA:90,0
DA:91,0
DA:95,0
DA:96,0
DA:97,0
DA:98,0
DA:99,0
DA:100,0
DA:101,0
DA:102,0
DA:103,0
DA:105,0
DA:106,0
DA:113,0
DA:114,0
DA:115,0
DA:116,0
DA:117,0
DA:118,0
DA:120,0
DA:121,0
DA:122,0
DA:125,0
DA:127,0
DA:132,0
DA:133,0
DA:134,0
DA:135,0
DA:137,0
DA:138,0
DA:140,0
DA:145,0
DA:146,0
DA:151,0
DA:153,0
DA:154,0
DA:156,0
DA:158,0
DA:160,0
DA:161,0
DA:171,0
DA:174,0
DA:175,0
DA:176,0
DA:178,0
DA:181,0
DA:182,0
DA:183,0
DA:186,0
DA:188,0
DA:189,0
DA:191,0
DA:192,0
DA:193,0
DA:195,0
DA:198,0
DA:199,0
DA:200,0
DA:203,0
DA:205,0
DA:206,0
DA:207,0
DA:208,0
DA:211,0
DA:212,0
DA:216,0
DA:217,0
DA:218,0
DA:219,0
DA:220,0
DA:221,0
DA:222,0
DA:224,0
DA:225,0
DA:226,0
DA:227,0
DA:228,0
DA:232,0
DA:235,0
DA:236,0
DA:237,0
DA:238,0
DA:240,0
DA:241,0
DA:242,0
DA:243,0
DA:244,0
DA:248,0
DA:252,0
DA:254,0
DA:256,0
DA:257,0
DA:258,0
DA:260,0
DA:261,0
DA:262,0
DA:266,0
DA:267,0
DA:270,0
DA:275,0
DA:276,0
DA:277,0
DA:278,0
DA:279,0
DA:280,0
DA:282,0
DA:283,0
DA:293,0
DA:294,0
DA:295,0
DA:296,0
DA:297,0
DA:298,0
DA:300,0
DA:304,0
DA:306,0
DA:311,0
DA:312,0
DA:313,0
DA:314,0
DA:315,0
DA:318,0
DA:320,0
DA:321,0
DA:329,0
DA:331,0
DA:345,0
DA:346,0
DA:347,0
DA:351,0
DA:352,0
DA:353,0
DA:354,0
DA:356,0
DA:357,0
DA:358,0
DA:359,0
DA:360,0
DA:361,0
DA:371,0
DA:372,0
DA:373,0
DA:374,0
DA:377,0
DA:378,0
DA:379,0
DA:380,0
DA:381,0
DA:382,0
DA:383,0
DA:384,0
DA:390,0
DA:392,0
DA:405,0
DA:406,0
DA:408,0
DA:409,0
DA:410,0
DA:413,0
DA:414,0
DA:435,0
LF:178
LH:0
BRDA:68,0,0,0
BRDA:68,0,1,0
BRDA:74,1,0,0
BRDA:74,1,1,0
BRDA:85,2,0,0
BRDA:85,2,1,0
BRDA:85,3,0,0
BRDA:85,3,1,0
BRDA:90,4,0,0
BRDA:90,4,1,0
BRDA:102,5,0,0
BRDA:102,5,1,0
BRDA:113,6,0,0
BRDA:113,6,1,0
BRDA:117,7,0,0
BRDA:117,7,1,0
BRDA:117,8,0,0
BRDA:117,8,1,0
BRDA:120,9,0,0
BRDA:120,9,1,0
BRDA:120,10,0,0
BRDA:120,10,1,0
BRDA:121,11,0,0
BRDA:121,11,1,0
BRDA:134,12,0,0
BRDA:134,12,1,0
BRDA:137,13,0,0
BRDA:137,13,1,0
BRDA:141,14,0,0
BRDA:141,14,1,0
BRDA:145,15,0,0
BRDA:145,15,1,0
BRDA:153,16,0,0
BRDA:153,16,1,0
BRDA:158,17,0,0
BRDA:158,17,1,0
BRDA:158,18,0,0
BRDA:158,18,1,0
BRDA:175,19,0,0
BRDA:175,19,1,0
BRDA:188,20,0,0
BRDA:188,20,1,0
BRDA:188,21,0,0
BRDA:188,21,1,0
BRDA:192,22,0,0
BRDA:192,22,1,0
BRDA:205,23,0,0
BRDA:205,23,1,0
BRDA:211,24,0,0
BRDA:211,24,1,0
BRDA:217,25,0,0
BRDA:217,25,1,0
BRDA:221,26,0,0
BRDA:221,26,1,0
BRDA:227,27,0,0
BRDA:227,27,1,0
BRDA:237,28,0,0
BRDA:237,28,1,0
BRDA:243,29,0,0
BRDA:243,29,1,0
BRDA:257,30,0,0
BRDA:257,30,1,0
BRDA:257,30,2,0
BRDA:257,30,3,0
BRDA:261,31,0,0
BRDA:261,31,1,0
BRDA:278,32,0,0
BRDA:278,32,1,0
BRDA:279,33,0,0
BRDA:279,33,1,0
BRDA:279,33,2,0
BRDA:279,33,3,0
BRDA:282,34,0,0
BRDA:282,34,1,0
BRDA:295,35,0,0
BRDA:295,35,1,0
BRDA:297,36,0,0
BRDA:297,36,1,0
BRDA:304,37,0,0
BRDA:304,37,1,0
BRDA:313,38,0,0
BRDA:313,38,1,0
BRDA:320,39,0,0
BRDA:320,39,1,0
BRDA:345,40,0,0
BRDA:345,40,1,0
BRDA:345,41,0,0
BRDA:345,41,1,0
BRDA:353,42,0,0
BRDA:353,42,1,0
BRDA:354,43,0,0
BRDA:354,43,1,0
BRDA:356,44,0,0
BRDA:356,44,1,0
BRDA:360,45,0,0
BRDA:360,45,1,0
BRDA:377,46,0,0
BRDA:377,46,1,0
BRDA:405,47,0,0
BRDA:405,47,1,0
BRDA:408,48,0,0
BRDA:408,48,1,0
BRDA:408,49,0,0
BRDA:408,49,1,0
BRDA:409,50,0,0
BRDA:409,50,1,0
BRDA:409,51,0,0
BRDA:409,51,1,0
BRF:108
BRH:0
end_of_record
TN:
SF:/Users/sam/openmrs-esm-ohri/src/forms/components/group/ohri-obs-group.component.tsx
FN:12,(anonymous_0)
FN:14,(anonymous_1)
FN:15,(anonymous_2)
FNF:3
FNH:0
FNDA:0,(anonymous_0)
FNDA:0,(anonymous_1)
FNDA:0,(anonymous_2)
DA:12,0
DA:13,0
DA:14,0
DA:16,0
DA:17,0
DA:18,0
DA:24,0
DA:38,0
DA:39,0
DA:41,0
LF:10
LH:0
BRDA:17,0,0,0
BRDA:17,0,1,0
BRDA:26,1,0,0
BRDA:26,1,1,0
BRDA:38,2,0,0
BRDA:38,2,1,0
BRF:6
BRH:0
end_of_record
TN:
SF:/Users/sam/openmrs-esm-ohri/src/forms/components/inputs/content-switcher/ohri-content-switcher.component.tsx
FN:13,(anonymous_0)
FN:19,(anonymous_1)
FN:25,(anonymous_2)
FN:32,(anonymous_3)
FN:32,(anonymous_4)
FN:36,(anonymous_5)
FN:37,(anonymous_6)
FN:52,(anonymous_7)
FNF:8
FNH:7
FNDA:6,(anonymous_0)
FNDA:2,(anonymous_1)
FNDA:2,(anonymous_2)
FNDA:4,(anonymous_3)
FNDA:10,(anonymous_4)
FNDA:2,(anonymous_5)
FNDA:0,(anonymous_6)
FNDA:18,(anonymous_7)
DA:13,1
DA:14,6
DA:15,6
DA:16,6
DA:17,6
DA:19,6
DA:20,2
DA:21,0
DA:25,6
DA:26,2
DA:27,2
DA:28,2
DA:29,2
DA:31,6
DA:32,10
DA:36,6
DA:37,2
DA:38,0
DA:42,6
DA:53,18
LF:20
LH:18
BRDA:20,0,0,0
BRDA:20,0,1,2
BRDA:42,1,0,0
BRDA:42,1,1,6
BRDA:42,2,0,6
BRDA:42,2,1,6
BRDA:45,3,0,0
BRDA:45,3,1,0
BRDA:48,4,0,6
BRDA:48,4,1,6
BRDA:50,5,0,0
BRDA:50,5,1,6
BRDA:54,6,0,1
BRDA:54,6,1,17
BRDA:55,7,0,18
BRDA:55,7,1,18
BRF:16
BRH:11
end_of_record
TN:
SF:/Users/sam/openmrs-esm-ohri/src/forms/components/inputs/date/ohri-date.component.tsx
FN:13,(anonymous_0)
FN:19,(anonymous_1)
FN:25,(anonymous_2)
FN:32,(anonymous_3)
FN:35,(anonymous_4)
FN:49,(anonymous_5)
FN:65,(anonymous_6)
FN:66,(anonymous_7)
FNF:8
FNH:0
FNDA:0,(anonymous_0)
FNDA:0,(anonymous_1)
FNDA:0,(anonymous_2)
FNDA:0,(anonymous_3)
FNDA:0,(anonymous_4)
FNDA:0,(anonymous_5)
FNDA:0,(anonymous_6)
FNDA:0,(anonymous_7)
DA:13,0
DA:14,0
DA:15,0
DA:16,0
DA:17,0
DA:19,0
DA:20,0
DA:21,0
DA:25,0
DA:26,0
DA:27,0
DA:28,0
DA:29,0
DA:30,0
DA:32,0
DA:33,0
DA:34,0
DA:36,0
DA:38,0
DA:40,0
DA:42,0
DA:44,0
DA:48,0
DA:50,0
DA:52,0
DA:54,0
DA:56,0
DA:58,0
DA:62,0
DA:65,0
DA:66,0
DA:67,0
DA:71,0
LF:33
LH:0
BRDA:20,0,0,0
BRDA:20,0,1,0
BRDA:26,1,0,0
BRDA:26,1,1,0
BRDA:36,2,0,0
BRDA:36,2,1,0
BRDA:36,2,2,0
BRDA:36,2,3,0
BRDA:50,3,0,0
BRDA:50,3,1,0
BRDA:50,3,2,0
BRDA:50,3,3,0
BRDA:71,4,0,0
BRDA:71,4,1,0
BRDA:71,5,0,0
BRDA:71,5,1,0
BRDA:78,6,0,0
BRDA:78,6,1,0
BRDA:81,7,0,0
BRDA:81,7,1,0
BRDA:91,8,0,0
BRDA:91,8,1,0
BRDA:96,9,0,0
BRDA:96,9,1,0
BRDA:97,10,0,0
BRDA:97,10,1,0
BRDA:97,11,0,0
BRDA:97,11,1,0
BRDA:105,12,0,0
BRDA:105,12,1,0
BRF:30
BRH:0
end_of_record
TN:
SF:/Users/sam/openmrs-esm-ohri/src/forms/components/inputs/fixed-value/ohri-fixed-value.component.tsx
FN:5,(anonymous_0)
FN:7,(anonymous_1)
FNF:2
FNH:0
FNDA:0,(anonymous_0)
FNDA:0,(anonymous_1)
DA:5,0
DA:6,0
DA:7,0
DA:8,0
DA:9,0
DA:10,0
DA:11,0
DA:22,0
LF:8
LH:0
BRDA:8,0,0,0
BRDA:8,0,1,0
BRDA:8,1,0,0
BRDA:8,1,1,0
BRF:4
BRH:0
end_of_record
TN:
SF:/Users/sam/openmrs-esm-ohri/src/forms/components/inputs/location/ohri-encounter-location.component.tsx
FN:14,(anonymous_0)
FN:20,(anonymous_1)
FN:28,(anonymous_2)
FN:29,(anonymous_3)
FN:34,(anonymous_4)
FN:35,(anonymous_5)
FN:53,(anonymous_6)
FN:55,(anonymous_7)
FNF:8
FNH:0
FNDA:0,(anonymous_0)
FNDA:0,(anonymous_1)
FNDA:0,(anonymous_2)
FNDA:0,(anonymous_3)
FNDA:0,(anonymous_4)
FNDA:0,(anonymous_5)
FNDA:0,(anonymous_6)
FNDA:0,(anonymous_7)
DA:14,0
DA:15,0
DA:16,0
DA:17,0
DA:18,0
DA:20,0
DA:21,0
DA:22,0
DA:28,0
DA:29,0
DA:34,0
DA:35,0
DA:36,0
DA:40,0
DA:53,0
DA:56,0
DA:57,0
LF:17
LH:0
BRDA:21,0,0,0
BRDA:21,0,1,0
BRDA:40,1,0,0
BRDA:40,1,1,0
BRDA:40,2,0,0
BRDA:40,2,1,0
BRDA:43,3,0,0
BRDA:43,3,1,0
BRDA:46,4,0,0
BRDA:46,4,1,0
BRF:10
BRH:0
end_of_record
TN:
SF:/Users/sam/openmrs-esm-ohri/src/forms/components/inputs/markdown/ohri-markdown.component.tsx
FN:5,(anonymous_0)
FNF:1
FNH:0
FNDA:0,(anonymous_0)
DA:5,0
DA:6,0
LF:2
LH:0
BRDA:6,0,0,0
BRDA:6,0,1,0
BRF:2
BRH:0
end_of_record
TN:
SF:/Users/sam/openmrs-esm-ohri/src/forms/components/inputs/multi-select/ohri-multi-select.component.tsx
FN:14,(anonymous_0)
FN:23,(anonymous_1)
FN:35,(anonymous_2)
FN:41,(anonymous_3)
FN:49,(anonymous_4)
FN:55,(anonymous_5)
FN:57,(anonymous_6)
FN:64,(anonymous_7)
FN:65,(anonymous_8)
FN:75,(anonymous_9)
FN:99,(anonymous_10)
FN:107,(anonymous_11)
FNF:12
FNH:0
FNDA:0,(anonymous_0)
FNDA:0,(anonymous_1)
FNDA:0,(anonymous_2)
FNDA:0,(anonymous_3)
FNDA:0,(anonymous_4)
FNDA:0,(anonymous_5)
FNDA:0,(anonymous_6)
FNDA:0,(anonymous_7)
FNDA:0,(anonymous_8)
FNDA:0,(anonymous_9)
FNDA:0,(anonymous_10)
FNDA:0,(anonymous_11)
DA:14,0
DA:15,0
DA:16,0
DA:17,0
DA:18,0
DA:19,0
DA:20,0
DA:21,0
DA:23,0
DA:26,0
DA:29,0
DA:30,0
DA:31,0
DA:35,0
DA:36,0
DA:37,0
DA:41,0
DA:48,0
DA:49,0
DA:50,0
DA:51,0
DA:55,0
DA:56,0
DA:57,0
DA:58,0
DA:59,0
DA:60,0
DA:61,0
DA:64,0
DA:65,0
DA:66,0
DA:70,0
DA:76,0
DA:99,0
DA:107,0
LF:35
LH:0
BRDA:26,0,0,0
BRDA:26,0,1,0
BRDA:26,1,0,0
BRDA:26,1,1,0
BRDA:30,2,0,0
BRDA:30,2,1,0
BRDA:30,3,0,0
BRDA:30,3,1,0
BRDA:36,4,0,0
BRDA:36,4,1,0
BRDA:50,5,0,0
BRDA:50,5,1,0
BRDA:70,6,0,0
BRDA:70,6,1,0
BRDA:70,7,0,0
BRDA:70,7,1,0
BRDA:73,8,0,0
BRDA:73,8,1,0
BRDA:84,9,0,0
BRDA:84,9,1,0
BRDA:88,10,0,0
BRDA:88,10,1,0
BRDA:99,11,0,0
BRDA:99,11,1,0
BRDA:105,12,0,0
BRDA:105,12,1,0
BRF:26
BRH:0
end_of_record
TN:
SF:/Users/sam/openmrs-esm-ohri/src/forms/components/inputs/number/ohri-number.component.tsx
FN:12,(anonymous_0)
FN:18,(anonymous_1)
FN:24,(anonymous_2)
FN:52,(anonymous_3)
FNF:4
FNH:0
FNDA:0,(anonymous_0)
FNDA:0,(anonymous_1)
FNDA:0,(anonymous_2)
FNDA:0,(anonymous_3)
DA:12,0
DA:13,0
DA:14,0
DA:15,0
DA:16,0
DA:18,0
DA:19,0
DA:20,0
DA:24,0
DA:25,0
DA:26,0
DA:28,0
DA:29,0
DA:30,0
DA:31,0
DA:35,0
DA:52,0
LF:17
LH:0
BRDA:19,0,0,0
BRDA:19,0,1,0
BRDA:25,1,0,0
BRDA:25,1,1,0
BRDA:25,2,0,0
BRDA:25,2,1,0
BRDA:29,3,0,0
BRDA:29,3,1,0
BRDA:35,4,0,0
BRDA:35,4,1,0
BRDA:35,5,0,0
BRDA:35,5,1,0
BRDA:38,6,0,0
BRDA:38,6,1,0
BRDA:41,7,0,0
BRDA:41,7,1,0
BRDA:48,8,0,0
BRDA:48,8,1,0
BRDA:49,9,0,0
BRDA:49,9,1,0
BRDA:51,10,0,0
BRDA:51,10,1,0
BRDA:55,11,0,0
BRDA:55,11,1,0
BRF:24
BRH:0
end_of_record
TN:
SF:/Users/sam/openmrs-esm-ohri/src/forms/components/inputs/radio/ohri-radio.component.tsx
FN:13,(anonymous_0)
FN:19,(anonymous_1)
FN:25,(anonymous_2)
FN:32,(anonymous_3)
FN:33,(anonymous_4)
FN:56,(anonymous_5)
FNF:6
FNH:0
FNDA:0,(anonymous_0)
FNDA:0,(anonymous_1)
FNDA:0,(anonymous_2)
FNDA:0,(anonymous_3)
FNDA:0,(anonymous_4)
FNDA:0,(anonymous_5)
DA:13,0
DA:14,0
DA:15,0
DA:16,0
DA:17,0
DA:19,0
DA:20,0
DA:21,0
DA:25,0
DA:26,0
DA:27,0
DA:28,0
DA:29,0
DA:32,0
DA:33,0
DA:34,0
DA:38,0
DA:57,0
LF:18
LH:0
BRDA:20,0,0,0
BRDA:20,0,1,0
BRDA:38,1,0,0
BRDA:38,1,1,0
BRDA:38,2,0,0
BRDA:38,2,1,0
BRDA:41,3,0,0
BRDA:41,3,1,0
BRDA:44,4,0,0
BRDA:44,4,1,0
BRDA:48,5,0,0
BRDA:48,5,1,0
BRF:12
BRH:0
end_of_record
TN:
SF:/Users/sam/openmrs-esm-ohri/src/forms/components/inputs/select/ohri-dropdown.component.tsx
FN:13,(anonymous_0)
FN:20,(anonymous_1)
FN:26,(anonymous_2)
FN:33,(anonymous_3)
FN:34,(anonymous_4)
FN:37,(anonymous_5)
FN:38,(anonymous_6)
FN:41,(anonymous_7)
FN:42,(anonymous_8)
FN:63,(anonymous_9)
FNF:10
FNH:9
FNDA:8,(anonymous_0)
FNDA:2,(anonymous_1)
FNDA:2,(anonymous_2)
FNDA:30,(anonymous_3)
FNDA:60,(anonymous_4)
FNDA:2,(anonymous_5)
FNDA:6,(anonymous_6)
FNDA:2,(anonymous_7)
FNDA:0,(anonymous_8)
FNDA:2,(anonymous_9)
DA:13,1
DA:14,8
DA:15,8
DA:16,8
DA:17,8
DA:18,8
DA:20,8
DA:21,2
DA:22,0
DA:26,8
DA:27,2
DA:28,2
DA:29,2
DA:30,2
DA:33,8
DA:34,60
DA:35,30
DA:37,8
DA:38,6
DA:41,8
DA:42,2
DA:43,0
DA:47,8
DA:63,2
LF:24
LH:22
BRDA:21,0,0,0
BRDA:21,0,1,2
BRDA:34,1,0,60
BRDA:34,1,1,0
BRDA:38,2,0,6
BRDA:38,2,1,0
BRDA:47,3,0,0
BRDA:47,3,1,8
BRDA:47,4,0,8
BRDA:47,4,1,8
BRDA:50,5,0,0
BRDA:50,5,1,0
BRDA:53,6,0,8
BRDA:53,6,1,8
BRDA:55,7,0,0
BRDA:55,7,1,8
BRF:16
BRH:9
end_of_record
TN:
SF:/Users/sam/openmrs-esm-ohri/src/forms/components/inputs/text/ohri-text.component.tsx
FN:13,(anonymous_0)
FN:20,(anonymous_1)
FN:26,(anonymous_2)
FN:37,(anonymous_3)
FN:38,(anonymous_4)
FN:59,(anonymous_5)
FNF:6
FNH:0
FNDA:0,(anonymous_0)
FNDA:0,(anonymous_1)
FNDA:0,(anonymous_2)
FNDA:0,(anonymous_3)
FNDA:0,(anonymous_4)
FNDA:0,(anonymous_5)
DA:13,0
DA:14,0
DA:15,0
DA:16,0
DA:17,0
DA:18,0
DA:20,0
DA:21,0
DA:22,0
DA:26,0
DA:27,0
DA:28,0
DA:30,0
DA:31,0
DA:32,0
DA:33,0
DA:37,0
DA:38,0
DA:39,0
DA:43,0
DA:59,0
LF:21
LH:0
BRDA:21,0,0,0
BRDA:21,0,1,0
BRDA:27,1,0,0
BRDA:27,1,1,0
BRDA:27,2,0,0
BRDA:27,2,1,0
BRDA:31,3,0,0
BRDA:31,3,1,0
BRDA:43,4,0,0
BRDA:43,4,1,0
BRDA:43,5,0,0
BRDA:43,5,1,0
BRDA:46,6,0,0
BRDA:46,6,1,0
BRDA:49,7,0,0
BRDA:49,7,1,0
BRDA:51,8,0,0
BRDA:51,8,1,0
BRDA:58,9,0,0
BRDA:58,9,1,0
BRF:20
BRH:0
end_of_record
TN:
SF:/Users/sam/openmrs-esm-ohri/src/forms/components/inputs/text-area/ohri-text-area.component.tsx
FN:13,(anonymous_0)
FN:20,(anonymous_1)
FN:26,(anonymous_2)
FN:37,(anonymous_3)
FN:38,(anonymous_4)
FN:59,(anonymous_5)
FNF:6
FNH:0
FNDA:0,(anonymous_0)
FNDA:0,(anonymous_1)
FNDA:0,(anonymous_2)
FNDA:0,(anonymous_3)
FNDA:0,(anonymous_4)
FNDA:0,(anonymous_5)
DA:13,0
DA:14,0
DA:15,0
DA:16,0
DA:17,0
DA:18,0
DA:20,0
DA:21,0
DA:22,0
DA:26,0
DA:27,0
DA:28,0
DA:30,0
DA:31,0
DA:32,0
DA:33,0
DA:37,0
DA:38,0
DA:39,0
DA:43,0
DA:59,0
LF:21
LH:0
BRDA:21,0,0,0
BRDA:21,0,1,0
BRDA:27,1,0,0
BRDA:27,1,1,0
BRDA:27,2,0,0
BRDA:27,2,1,0
BRDA:31,3,0,0
BRDA:31,3,1,0
BRDA:43,4,0,0
BRDA:43,4,1,0
BRDA:43,5,0,0
BRDA:43,5,1,0
BRDA:46,6,0,0
BRDA:46,6,1,0
BRDA:49,7,0,0
BRDA:49,7,1,0
BRDA:51,8,0,0
BRDA:51,8,1,0
BRDA:57,9,0,0
BRDA:57,9,1,0
BRDA:60,10,0,0
BRDA:60,10,1,0
BRF:22
BRH:0
end_of_record
TN:
SF:/Users/sam/openmrs-esm-ohri/src/forms/components/inputs/toggle/ohri-toggle.component.tsx
FN:12,(anonymous_0)
FN:17,(anonymous_1)
FN:23,(anonymous_2)
FN:31,(anonymous_3)
FN:32,(anonymous_4)
FNF:5
FNH:0
FNDA:0,(anonymous_0)
FNDA:0,(anonymous_1)
FNDA:0,(anonymous_2)
FNDA:0,(anonymous_3)
FNDA:0,(anonymous_4)
DA:12,0
DA:13,0
DA:14,0
DA:15,0
DA:17,0
DA:18,0
DA:19,0
DA:20,0
DA:23,0
DA:26,0
DA:27,0
DA:31,0
DA:32,0
DA:33,0
DA:37,0
LF:15
LH:0
BRDA:26,0,0,0
BRDA:26,0,1,0
BRDA:26,1,0,0
BRDA:26,1,1,0
BRDA:37,2,0,0
BRDA:37,2,1,0
BRDA:37,3,0,0
BRDA:37,3,1,0
BRDA:40,4,0,0
BRDA:40,4,1,0
BRDA:43,5,0,0
BRDA:43,5,1,0
BRF:12
BRH:0
end_of_record
TN:
SF:/Users/sam/openmrs-esm-ohri/src/forms/components/inputs/unspecified/ohri-unspecified.component.tsx
FN:12,(anonymous_0)
FN:17,(anonymous_1)
FN:42,(anonymous_2)
FN:48,(anonymous_3)
FNF:4
FNH:0
FNDA:0,(anonymous_0)
FNDA:0,(anonymous_1)
FNDA:0,(anonymous_2)
FNDA:0,(anonymous_3)
DA:12,0
DA:13,0
DA:14,0
DA:15,0
DA:17,0
DA:18,0
DA:19,0
DA:20,0
DA:24,0
DA:25,0
DA:27,0
DA:28,0
DA:30,0
DA:32,0
DA:33,0
DA:34,0
DA:35,0
DA:42,0
DA:43,0
DA:44,0
DA:48,0
DA:49,0
DA:52,0
LF:23
LH:0
BRDA:18,0,0,0
BRDA:18,0,1,0
BRDA:25,1,0,0
BRDA:25,1,1,0
BRDA:34,2,0,0
BRDA:34,2,1,0
BRDA:34,3,0,0
BRDA:34,3,1,0
BRDA:43,4,0,0
BRDA:43,4,1,0
BRDA:53,5,0,0
BRDA:53,5,1,0
BRDA:53,5,2,0
BRF:13
BRH:0
end_of_record
TN:
SF:/Users/sam/openmrs-esm-ohri/src/forms/components/label/ohri-label.component.tsx
FN:5,(anonymous_0)
FNF:1
FNH:0
FNDA:0,(anonymous_0)
DA:5,2
DA:6,0
LF:2
LH:1
BRF:0
BRH:0
end_of_record
TN:
SF:/Users/sam/openmrs-esm-ohri/src/forms/components/page/ohri-form-page.tsx
FN:7,OHRIFormPage
FN:10,(anonymous_1)
FN:15,(anonymous_2)
FN:22,(anonymous_3)
FNF:4
FNH:0
FNDA:0,OHRIFormPage
FNDA:0,(anonymous_1)
FNDA:0,(anonymous_2)
FNDA:0,(anonymous_3)
DA:8,0
DA:10,0
DA:11,0
DA:14,0
DA:15,0
DA:23,0
LF:6
LH:0
BRF:0
BRH:0
end_of_record
TN:
SF:/Users/sam/openmrs-esm-ohri/src/forms/components/repeat/ohri-repeat.component.tsx
FN:18,(anonymous_0)
FN:20,(anonymous_1)
FN:25,(anonymous_2)
FN:37,(anonymous_3)
FN:48,(anonymous_4)
FN:55,(anonymous_5)
FN:62,(anonymous_6)
FN:66,(anonymous_7)
FN:70,(anonymous_8)
FN:78,(anonymous_9)
FN:83,(anonymous_10)
FN:88,(anonymous_11)
FN:102,(anonymous_12)
FN:109,(anonymous_13)
FN:111,(anonymous_14)
FN:112,(anonymous_15)
FN:113,(anonymous_16)
FN:118,(anonymous_17)
FN:125,(anonymous_18)
FN:146,(anonymous_19)
FNF:20
FNH:0
FNDA:0,(anonymous_0)
FNDA:0,(anonymous_1)
FNDA:0,(anonymous_2)
FNDA:0,(anonymous_3)
FNDA:0,(anonymous_4)
FNDA:0,(anonymous_5)
FNDA:0,(anonymous_6)
FNDA:0,(anonymous_7)
FNDA:0,(anonymous_8)
FNDA:0,(anonymous_9)
FNDA:0,(anonymous_10)
FNDA:0,(anonymous_11)
FNDA:0,(anonymous_12)
FNDA:0,(anonymous_13)
FNDA:0,(anonymous_14)
FNDA:0,(anonymous_15)
FNDA:0,(anonymous_16)
FNDA:0,(anonymous_17)
FNDA:0,(anonymous_18)
FNDA:0,(anonymous_19)
DA:18,0
DA:19,0
DA:20,0
DA:21,0
DA:22,0
DA:23,0
DA:24,0
DA:26,0
DA:27,0
DA:32,0
DA:33,0
DA:35,0
DA:36,0
DA:37,0
DA:39,0
DA:40,0
DA:41,0
DA:43,0
DA:45,0
DA:48,0
DA:49,0
DA:50,0
DA:51,0
DA:52,0
DA:53,0
DA:55,0
DA:56,0
DA:57,0
DA:59,0
DA:62,0
DA:63,0
DA:64,0
DA:65,0
DA:66,0
DA:69,0
DA:70,0
DA:71,0
DA:72,0
DA:74,0
DA:78,0
DA:79,0
DA:80,0
DA:83,0
DA:84,0
DA:85,0
DA:86,0
DA:87,0
DA:88,0
DA:89,0
DA:90,0
DA:91,0
DA:92,0
DA:93,0
DA:94,0
DA:96,0
DA:97,0
DA:98,0
DA:99,0
DA:102,0
DA:103,0
DA:105,0
DA:106,0
DA:107,0
DA:109,0
DA:111,0
DA:112,0
DA:113,0
DA:114,0
DA:115,0
DA:118,0
DA:120,0
DA:125,0
DA:130,0
DA:140,0
DA:147,0
DA:148,0
DA:149,0
DA:156,0
LF:78
LH:0
BRDA:21,0,0,0
BRDA:21,0,1,0
BRDA:23,1,0,0
BRDA:23,1,1,0
BRDA:23,2,0,0
BRDA:23,2,1,0
BRDA:26,3,0,0
BRDA:26,3,1,0
BRDA:32,4,0,0
BRDA:32,4,1,0
BRDA:32,5,0,0
BRDA:32,5,1,0
BRDA:33,6,0,0
BRDA:33,6,1,0
BRDA:35,7,0,0
BRDA:35,7,1,0
BRDA:39,8,0,0
BRDA:39,8,1,0
BRDA:56,9,0,0
BRDA:56,9,1,0
BRDA:56,10,0,0
BRDA:56,10,1,0
BRDA:63,11,0,0
BRDA:63,11,1,0
BRDA:63,12,0,0
BRDA:63,12,1,0
BRDA:66,13,0,0
BRDA:66,13,1,0
BRDA:92,14,0,0
BRDA:92,14,1,0
BRDA:93,15,0,0
BRDA:93,15,1,0
BRDA:93,16,0,0
BRDA:93,16,1,0
BRDA:103,17,0,0
BRDA:103,17,1,0
BRDA:103,18,0,0
BRDA:103,18,1,0
BRDA:120,19,0,0
BRDA:120,19,1,0
BRDA:151,20,0,0
BRDA:151,20,1,0
BRDA:157,21,0,0
BRDA:157,21,1,0
BRF:44
BRH:0
end_of_record
TN:
SF:/Users/sam/openmrs-esm-ohri/src/forms/components/section/ohri-form-section.component.tsx
FN:8,(anonymous_0)
FN:19,(anonymous_1)
FN:26,(anonymous_2)
FN:29,(anonymous_3)
FNF:4
FNH:0
FNDA:0,(anonymous_0)
FNDA:0,(anonymous_1)
FNDA:0,(anonymous_2)
FNDA:0,(anonymous_3)
DA:8,0
DA:10,0
DA:12,0
DA:14,0
DA:16,0
DA:19,0
DA:20,0
DA:26,0
DA:27,0
DA:30,0
DA:31,0
DA:32,0
DA:39,0
LF:13
LH:0
BRDA:10,0,0,0
BRDA:10,0,1,0
BRDA:10,1,0,0
BRDA:10,1,1,0
BRDA:21,2,0,0
BRDA:21,2,1,0
BRDA:21,2,2,0
BRDA:31,3,0,0
BRDA:31,3,1,0
BRDA:39,4,0,0
BRDA:39,4,1,0
BRDA:39,5,0,0
BRDA:39,5,1,0
BRF:13
BRH:0
end_of_record
TN:
SF:/Users/sam/openmrs-esm-ohri/src/forms/components/section-collapsible-toggle/ohri-section-collapsible-toggle.component.tsx
FN:6,(anonymous_0)
FN:9,(anonymous_1)
FN:17,(anonymous_2)
FNF:3
FNH:0
FNDA:0,(anonymous_0)
FNDA:0,(anonymous_1)
FNDA:0,(anonymous_2)
DA:6,0
DA:7,0
DA:9,0
DA:10,0
DA:11,0
DA:12,0
DA:14,0
DA:17,0
DA:18,0
DA:21,0
LF:10
LH:0
BRDA:11,0,0,0
BRDA:11,0,1,0
BRDA:18,1,0,0
BRDA:18,1,1,0
BRF:4
BRH:0
end_of_record
TN:
SF:/Users/sam/openmrs-esm-ohri/src/forms/components/sidebar/ohri-form-sidebar.component.tsx
FN:7,OHRIFormSidebar
FN:20,(anonymous_1)
FN:21,(anonymous_2)
FN:26,(anonymous_3)
FN:30,(anonymous_4)
FN:33,(anonymous_5)
FN:35,(anonymous_6)
FN:37,(anonymous_7)
FN:39,(anonymous_8)
FN:43,(anonymous_9)
FN:50,(anonymous_10)
FN:52,(anonymous_11)
FN:56,(anonymous_12)
FN:66,(anonymous_13)
FN:73,(anonymous_14)
FN:101,(anonymous_15)
FNF:16
FNH:0
FNDA:0,OHRIFormSidebar
FNDA:0,(anonymous_1)
FNDA:0,(anonymous_2)
FNDA:0,(anonymous_3)
FNDA:0,(anonymous_4)
FNDA:0,(anonymous_5)
FNDA:0,(anonymous_6)
FNDA:0,(anonymous_7)
FNDA:0,(anonymous_8)
FNDA:0,(anonymous_9)
FNDA:0,(anonymous_10)
FNDA:0,(anonymous_11)
FNDA:0,(anonymous_12)
FNDA:0,(anonymous_13)
FNDA:0,(anonymous_14)
FNDA:0,(anonymous_15)
DA:18,0
DA:20,0
DA:21,0
DA:22,0
DA:26,0
DA:27,0
DA:30,0
DA:31,0
DA:33,0
DA:35,0
DA:37,0
DA:39,0
DA:43,0
DA:44,0
DA:45,0
DA:46,0
DA:49,0
DA:51,0
DA:52,0
DA:53,0
DA:56,0
DA:57,0
DA:60,0
DA:64,0
DA:67,0
DA:73,0
DA:102,0
DA:103,0
LF:28
LH:0
BRDA:21,0,0,0
BRDA:21,0,1,0
BRDA:21,1,0,0
BRDA:21,1,1,0
BRDA:21,2,0,0
BRDA:21,2,1,0
BRDA:51,3,0,0
BRDA:51,3,1,0
BRDA:68,4,0,0
BRDA:68,4,1,0
BRDA:71,5,0,0
BRDA:71,5,1,0
BRDA:82,6,0,0
BRDA:82,6,1,0
BRDA:93,7,0,0
BRDA:93,7,1,0
BRDA:102,8,0,0
BRDA:102,8,1,0
BRDA:103,9,0,0
BRDA:103,9,1,0
BRDA:105,10,0,0
BRDA:105,10,1,0
BRF:22
BRH:0
end_of_record
TN:
SF:/Users/sam/openmrs-esm-ohri/src/forms/components/value/ohri-value.component.tsx
FN:3,(anonymous_0)
FN:11,(anonymous_1)
FNF:2
FNH:0
FNDA:0,(anonymous_0)
FNDA:0,(anonymous_1)
DA:3,2
DA:4,0
DA:11,2
DA:12,0
LF:4
LH:2
BRF:0
BRH:0
end_of_record
TN:
SF:/Users/sam/openmrs-esm-ohri/src/forms/form-render/form-render-test.component.tsx
FN:11,FormRenderTest
FN:41,(anonymous_1)
FN:56,(anonymous_2)
FN:62,(anonymous_3)
FN:75,(anonymous_4)
FN:102,(anonymous_5)
FN:133,(anonymous_6)
FN:145,(anonymous_7)
FN:146,(anonymous_8)
FNF:9
FNH:0
FNDA:0,FormRenderTest
FNDA:0,(anonymous_1)
FNDA:0,(anonymous_2)
FNDA:0,(anonymous_3)
FNDA:0,(anonymous_4)
FNDA:0,(anonymous_5)
FNDA:0,(anonymous_6)
FNDA:0,(anonymous_7)
FNDA:0,(anonymous_8)
DA:12,0
DA:13,0
DA:14,0
DA:15,0
DA:16,0
DA:18,0
DA:19,0
DA:21,0
DA:22,0
DA:24,0
DA:25,0
DA:26,0
DA:27,0
DA:29,0
DA:41,0
DA:42,0
DA:44,0
DA:46,0
DA:47,0
DA:48,0
DA:50,0
DA:51,0
DA:52,0
DA:56,0
DA:58,0
DA:59,0
DA:62,0
DA:63,0
DA:64,0
DA:65,0
DA:66,0
DA:67,0
DA:68,0
DA:70,0
DA:72,0
DA:75,0
DA:76,0
DA:77,0
DA:78,0
DA:80,0
DA:81,0
DA:82,0
DA:84,0
DA:87,0
DA:90,0
DA:103,0
DA:104,0
DA:133,0
DA:145,0
DA:147,0
LF:50
LH:0
BRDA:42,0,0,0
BRDA:42,0,1,0
BRDA:44,1,0,0
BRDA:44,1,1,0
BRDA:195,2,0,0
BRDA:195,2,1,0
BRF:6
BRH:0
end_of_record
TN:
SF:/Users/sam/openmrs-esm-ohri/src/forms/registry/registry.ts
FN:117,(anonymous_0)
FN:118,(anonymous_1)
FN:121,getHandler
FN:122,(anonymous_3)
FN:125,addHandler
FN:129,addFieldComponent
FN:133,addvalidator
FN:139,getValidator
FN:140,(anonymous_8)
FNF:9
FNH:0
FNDA:0,(anonymous_0)
FNDA:0,(anonymous_1)
FNDA:0,getHandler
FNDA:0,(anonymous_3)
FNDA:0,addHandler
FNDA:0,addFieldComponent
FNDA:0,addvalidator
FNDA:0,getValidator
FNDA:0,(anonymous_8)
DA:19,0
DA:92,0
DA:110,0
DA:117,0
DA:118,0
DA:122,0
DA:126,0
DA:130,0
DA:134,0
DA:135,0
DA:140,0
LF:11
LH:0
BRDA:134,0,0,0
BRDA:134,0,1,0
BRDA:140,1,0,0
BRDA:140,1,1,0
BRF:4
BRH:0
end_of_record
TN:
SF:/Users/sam/openmrs-esm-ohri/src/forms/submission-handlers/base-handlers.ts
FN:14,(anonymous_0)
FN:43,(anonymous_1)
FN:44,(anonymous_2)
FN:54,(anonymous_3)
FN:55,(anonymous_4)
FN:58,(anonymous_5)
FN:66,(anonymous_6)
FN:81,(anonymous_7)
FN:83,(anonymous_8)
FN:85,(anonymous_9)
FN:95,(anonymous_10)
FN:102,(anonymous_11)
FN:102,(anonymous_12)
FN:107,(anonymous_13)
FN:110,(anonymous_14)
FN:120,(anonymous_15)
FN:123,(anonymous_16)
FN:129,(anonymous_17)
FN:138,(anonymous_18)
FN:153,(anonymous_19)
FN:157,(anonymous_20)
FN:158,(anonymous_21)
FN:173,(anonymous_22)
FN:173,(anonymous_23)
FN:174,(anonymous_24)
FN:175,(anonymous_25)
FN:184,(anonymous_26)
FN:188,(anonymous_27)
FNF:28
FNH:15
FNDA:18,(anonymous_0)
FNDA:5,(anonymous_1)
FNDA:17,(anonymous_2)
FNDA:0,(anonymous_3)
FNDA:0,(anonymous_4)
FNDA:0,(anonymous_5)
FNDA:2,(anonymous_6)
FNDA:4,(anonymous_7)
FNDA:0,(anonymous_8)
FNDA:2,(anonymous_9)
FNDA:0,(anonymous_10)
FNDA:0,(anonymous_11)
FNDA:0,(anonymous_12)
FNDA:0,(anonymous_13)
FNDA:0,(anonymous_14)
FNDA:0,(anonymous_15)
FNDA:0,(anonymous_16)
FNDA:0,(anonymous_17)
FNDA:9,(anonymous_18)
FNDA:4,(anonymous_19)
FNDA:5,(anonymous_20)
FNDA:4,(anonymous_21)
FNDA:7,(anonymous_22)
FNDA:8,(anonymous_23)
FNDA:2,(anonymous_24)
FNDA:2,(anonymous_25)
FNDA:1,(anonymous_26)
FNDA:0,(anonymous_27)
DA:13,3
DA:15,18
DA:16,4
DA:18,14
DA:19,0
DA:21,14
DA:22,8
DA:23,3
DA:24,5
DA:25,0
DA:27,5
DA:28,1
DA:30,4
DA:32,5
DA:35,6
DA:36,1
DA:37,1
DA:39,5
DA:41,13
DA:44,17
DA:45,5
DA:46,5
DA:50,5
DA:51,0
DA:53,5
DA:54,0
DA:55,0
DA:56,0
DA:57,0
DA:58,0
DA:61,5
DA:62,5
DA:63,5
DA:64,5
DA:65,2
DA:67,2
DA:68,1
DA:73,5
DA:74,3
DA:75,0
DA:76,0
DA:78,3
DA:80,2
DA:81,4
DA:82,1
DA:83,0
DA:85,2
DA:87,1
DA:88,0
DA:89,0
DA:91,1
DA:93,0
DA:96,0
DA:97,0
DA:98,0
DA:100,0
DA:101,0
DA:102,0
DA:105,0
DA:106,0
DA:107,0
DA:109,0
DA:110,0
DA:112,0
DA:119,3
DA:121,0
DA:124,0
DA:130,0
DA:138,3
DA:139,9
DA:153,3
DA:154,4
DA:155,1
DA:157,4
DA:158,5
DA:159,4
DA:160,2
DA:162,2
DA:164,5
DA:165,0
DA:167,5
DA:172,4
DA:173,8
DA:175,2
DA:176,2
DA:177,1
DA:179,1
DA:181,2
DA:182,1
DA:184,1
DA:185,1
DA:186,1
DA:188,0
DA:192,4
LF:94
LH:63
BRDA:15,0,0,4
BRDA:15,0,1,14
BRDA:18,1,0,0
BRDA:18,1,1,14
BRDA:21,2,0,8
BRDA:21,2,1,6
BRDA:22,3,0,3
BRDA:22,3,1,5
BRDA:22,4,0,8
BRDA:22,4,1,6
BRDA:24,5,0,0
BRDA:24,5,1,5
BRDA:27,6,0,1
BRDA:27,6,1,4
BRDA:35,7,0,1
BRDA:35,7,1,5
BRDA:50,8,0,0
BRDA:50,8,1,5
BRDA:50,9,0,5
BRDA:50,9,1,5
BRDA:53,10,0,0
BRDA:53,10,1,5
BRDA:53,11,0,5
BRDA:53,11,1,0
BRDA:56,12,0,0
BRDA:56,12,1,0
BRDA:61,13,0,5
BRDA:61,13,1,0
BRDA:64,14,0,2
BRDA:64,14,1,3
BRDA:64,15,0,5
BRDA:64,15,1,4
BRDA:67,16,0,1
BRDA:67,16,1,0
BRDA:73,17,0,3
BRDA:73,17,1,2
BRDA:73,18,0,5
BRDA:73,18,1,3
BRDA:74,19,0,0
BRDA:74,19,1,3
BRDA:80,20,0,1
BRDA:80,20,1,1
BRDA:82,21,0,0
BRDA:82,21,1,1
BRDA:82,22,0,1
BRDA:82,22,1,0
BRDA:87,23,0,0
BRDA:87,23,1,1
BRDA:97,24,0,0
BRDA:97,24,1,0
BRDA:100,25,0,0
BRDA:100,25,1,0
BRDA:105,26,0,0
BRDA:105,26,1,0
BRDA:105,27,0,0
BRDA:105,27,1,0
BRDA:105,27,2,0
BRDA:106,28,0,0
BRDA:106,28,1,0
BRDA:109,29,0,0
BRDA:109,29,1,0
BRDA:154,30,0,1
BRDA:154,30,1,3
BRDA:159,31,0,2
BRDA:159,31,1,2
BRDA:164,32,0,0
BRDA:164,32,1,5
BRDA:164,33,0,5
BRDA:164,33,1,2
BRDA:167,34,0,5
BRDA:167,34,1,3
BRDA:176,35,0,1
BRDA:176,35,1,1
BRDA:181,36,0,1
BRDA:181,36,1,1
BRDA:185,37,0,1
BRDA:185,37,1,0
BRDA:185,38,0,1
BRDA:185,38,1,1
BRF:79
BRH:51
end_of_record
TN:
SF:/Users/sam/openmrs-esm-ohri/src/forms/test-forms/hts_retrospective_form-schema.ts
FNF:0
FNH:0
DA:3,0
LF:1
LH:0
BRF:0
BRH:0
end_of_record
TN:
SF:/Users/sam/openmrs-esm-ohri/src/forms/utils/boolean-utils.ts
FN:8,isTrue
FNF:1
FNH:1
FNDA:22,isTrue
DA:9,22
DA:10,0
DA:12,22
DA:13,0
DA:16,22
LF:5
LH:3
BRDA:9,0,0,0
BRDA:9,0,1,22
BRDA:12,1,0,0
BRDA:12,1,1,22
BRF:4
BRH:2
end_of_record
TN:
SF:/Users/sam/openmrs-esm-ohri/src/forms/utils/expression-runner.ts
FN:14,evaluateExpression
FN:21,(anonymous_1)
FN:26,isEmpty
FN:30,(anonymous_3)
FN:37,includes
FN:41,(anonymous_5)
FN:48,(anonymous_6)
FN:51,(anonymous_7)
FN:74,registerDependency
FNF:9
FNH:9
FNDA:10,evaluateExpression
FNDA:50,(anonymous_1)
FNDA:4,isEmpty
FNDA:13,(anonymous_3)
FNDA:3,includes
FNDA:9,(anonymous_5)
FNDA:47,(anonymous_6)
FNDA:22,(anonymous_7)
FNDA:15,registerDependency
DA:21,50
DA:22,10
DA:24,10
DA:27,4
DA:28,4
DA:30,13
DA:32,4
DA:34,0
DA:38,3
DA:39,3
DA:41,9
DA:43,3
DA:45,0
DA:48,10
DA:49,47
DA:50,28
DA:51,22
DA:52,8
DA:54,8
DA:55,8
DA:56,0
DA:58,8
DA:59,6
DA:61,8
DA:62,8
DA:66,10
DA:67,10
DA:69,0
DA:71,0
DA:75,15
DA:77,0
DA:78,0
DA:80,0
DA:81,0
DA:83,0
DA:84,0
DA:86,0
DA:88,15
DA:89,10
DA:91,15
LF:40
LH:28
BRDA:27,0,0,4
BRDA:27,0,1,0
BRDA:38,1,0,3
BRDA:38,1,1,0
BRDA:49,2,0,28
BRDA:49,2,1,19
BRDA:50,3,0,8
BRDA:50,3,1,20
BRDA:55,4,0,0
BRDA:55,4,1,8
BRDA:56,5,0,0
BRDA:56,5,1,0
BRDA:58,6,0,6
BRDA:58,6,1,2
BRDA:75,7,0,0
BRDA:75,7,1,0
BRDA:75,7,2,15
BRDA:77,8,0,0
BRDA:77,8,1,0
BRDA:83,9,0,0
BRDA:83,9,1,0
BRDA:88,10,0,10
BRDA:88,10,1,5
BRF:23
BRH:12
end_of_record
TN:
SF:/Users/sam/openmrs-esm-ohri/src/forms/utils/instant-effect.ts
FN:7,InstantEffect
FN:8,(anonymous_1)
FNF:2
FNH:0
FNDA:0,InstantEffect
FNDA:0,(anonymous_1)
DA:8,0
DA:9,0
LF:2
LH:0
BRF:0
BRH:0
end_of_record
TN:
SF:/Users/sam/openmrs-esm-ohri/src/forms/utils/ohri-form-helper.ts
FN:9,cascadeVisibityToChildFields
FN:14,(anonymous_1)
FN:16,(anonymous_2)
FN:17,(anonymous_3)
FN:22,inferInitialValueFromDefaultFieldValue
FN:38,getConceptNameAndUUID
FN:39,(anonymous_6)
FNF:7
FNH:1
FNDA:0,cascadeVisibityToChildFields
FNDA:0,(anonymous_1)
FNDA:0,(anonymous_2)
FNDA:0,(anonymous_3)
FNDA:0,inferInitialValueFromDefaultFieldValue
FNDA:4,getConceptNameAndUUID
FNDA:0,(anonymous_6)
DA:14,0
DA:15,0
DA:16,0
DA:18,0
DA:27,0
DA:28,0
DA:31,0
DA:33,0
DA:34,0
DA:39,4
DA:40,0
LF:11
LH:1
BRDA:27,0,0,0
BRDA:27,0,1,0
BRDA:31,1,0,0
BRDA:31,1,1,0
BRF:4
BRH:0
end_of_record
TN:
SF:/Users/sam/openmrs-esm-ohri/src/forms/validators/default-value-validator.ts
FN:5,(anonymous_0)
FN:9,(anonymous_1)
FNF:2
FNH:2
FNDA:6,(anonymous_0)
FNDA:3,(anonymous_1)
DA:4,3
DA:6,6
DA:7,6
DA:9,3
DA:10,1
DA:13,5
DA:15,2
DA:16,1
DA:19,4
DA:20,2
DA:21,1
DA:24,3
LF:12
LH:12
BRDA:7,0,0,2
BRDA:7,0,1,4
BRDA:9,1,0,1
BRDA:9,1,1,1
BRDA:13,2,0,2
BRDA:13,2,1,3
BRDA:15,3,0,1
BRDA:15,3,1,1
BRDA:19,4,0,2
BRDA:19,4,1,2
BRDA:20,5,0,1
BRDA:20,5,1,1
BRF:12
BRH:12
end_of_record
TN:
SF:/Users/sam/openmrs-esm-ohri/src/forms/validators/ohri-form-validator.ts
FN:5,(anonymous_0)
FN:18,isEmpty
FNF:2
FNH:2
FNDA:4,(anonymous_0)
FNDA:4,isEmpty
DA:4,3
DA:6,4
DA:7,0
DA:9,4
DA:10,0
DA:11,0
DA:14,4
DA:19,4
DA:20,3
DA:22,1
DA:23,0
DA:25,1
DA:26,0
DA:28,1
LF:14
LH:9
BRDA:6,0,0,0
BRDA:6,0,1,4
BRDA:9,1,0,0
BRDA:9,1,1,4
BRDA:9,2,0,4
BRDA:9,2,1,4
BRDA:10,3,0,0
BRDA:10,3,1,0
BRDA:19,4,0,3
BRDA:19,4,1,1
BRDA:19,5,0,4
BRDA:19,5,1,4
BRDA:19,5,2,4
BRDA:22,6,0,0
BRDA:22,6,1,1
BRDA:22,7,0,1
BRDA:22,7,1,1
BRDA:25,8,0,0
BRDA:25,8,1,1
BRDA:25,9,0,1
BRDA:25,9,1,0
BRF:21
BRH:14
end_of_record
